"Q:/unreal/InTheDark/Content/Vehicle/Textures/VehicleJoystick_BackgroundR.uasset" 0
"Q:/unreal/InTheDark/Content/Vehicle/Textures/VehicleJoystick_BackgroundR.uexp" 1
"Q:/unreal/InTheDark/Content/Vehicle/Textures/VehicleJoystick_BackgroundL.uasset" 2
"Q:/unreal/InTheDark/Content/Vehicle/Textures/VehicleJoystick_BackgroundL.uexp" 3
"../../../Engine/Content/MobileResources/HUD/VirtualJoystick_Thumb.uasset" 4
"../../../Engine/Content/MobileResources/HUD/VirtualJoystick_Thumb.uexp" 5
"Q:/unreal/InTheDark/Content/Vehicle/Sedan/SedanVirtualJoysticks.uasset" 6
"Q:/unreal/InTheDark/Content/Vehicle/Sedan/SedanVirtualJoysticks.uexp" 7
"../../../Engine/Content/EngineMaterials/T_Default_Material_Grid_N.uasset" 8
"../../../Engine/Content/EngineMaterials/T_Default_Material_Grid_N.uexp" 9
"../../../Engine/Content/EngineMaterials/T_Default_Material_Grid_N.ubulk" 10
"../../../Engine/Content/EngineMaterials/T_Default_Material_Grid_M.uasset" 11
"../../../Engine/Content/EngineMaterials/T_Default_Material_Grid_M.uexp" 12
"../../../Engine/Content/EngineMaterials/T_Default_Material_Grid_M.ubulk" 13
"../../../Engine/Content/Functions/Engine_MaterialFunctions01/Opacity/CameraDepthFade.uasset" 14
"../../../Engine/Content/Functions/Engine_MaterialFunctions01/Opacity/CameraDepthFade.uexp" 15
"../../../Engine/Content/EngineMaterials/WorldGridMaterial.uasset" 16
"../../../Engine/Content/EngineMaterials/WorldGridMaterial.uexp" 17
"../../../Engine/Content/ArtTools/RenderToTexture/Meshes/S_1_Unit_Plane.uasset" 18
"../../../Engine/Content/ArtTools/RenderToTexture/Meshes/S_1_Unit_Plane.uexp" 19
"../../../Engine/Content/EngineMaterials/DefaultMaterial.uasset" 20
"../../../Engine/Content/EngineMaterials/DefaultMaterial.uexp" 21
"../../../Engine/Content/BasicShapes/Cone.uasset" 22
"../../../Engine/Content/BasicShapes/Cone.uexp" 23
"../../../Engine/Content/BasicShapes/Cube.uasset" 24
"../../../Engine/Content/BasicShapes/Cube.uexp" 25
"../../../Engine/Content/BasicShapes/Sphere.uasset" 26
"../../../Engine/Content/BasicShapes/Sphere.uexp" 27
"../../../Engine/Content/EditorLandscapeResources/DataLayer.uasset" 28
"../../../Engine/Content/EditorLandscapeResources/DataLayer.uexp" 29
"../../../Engine/Content/EditorLandscapeResources/DefaultAlphaTexture.uasset" 30
"../../../Engine/Content/EditorLandscapeResources/DefaultAlphaTexture.uexp" 31
"../../../Engine/Content/EditorMaterials/MAT_Groups_Toggle.uasset" 32
"../../../Engine/Content/EditorMaterials/MAT_Groups_Toggle.uexp" 33
"../../../Engine/Content/EditorMaterials/MAT_Groups_Visibility.uasset" 34
"../../../Engine/Content/EditorMaterials/MAT_Groups_Visibility.uexp" 35
"../../../Engine/Content/EditorMaterials/PreviewShadowIndicator.uasset" 36
"../../../Engine/Content/EditorMaterials/PreviewShadowIndicator.uexp" 37
"../../../Engine/Content/EditorMaterials/PreviewShadowIndicator.ubulk" 38
"../../../Engine/Content/EditorMaterials/PreviewShadowIndicatorMaterial.uasset" 39
"../../../Engine/Content/EditorMaterials/PreviewShadowIndicatorMaterial.uexp" 40
"../../../Engine/Content/EditorMaterials/MatineeGroups/MAT_ColorTrack.uasset" 41
"../../../Engine/Content/EditorMaterials/MatineeGroups/MAT_ColorTrack.uexp" 42
"../../../Engine/Content/EditorMaterials/MatineeGroups/MAT_Groups_Anim.uasset" 43
"../../../Engine/Content/EditorMaterials/MatineeGroups/MAT_Groups_Anim.uexp" 44
"../../../Engine/Content/EditorMaterials/MatineeGroups/MAT_Groups_AudioMaster.uasset" 45
"../../../Engine/Content/EditorMaterials/MatineeGroups/MAT_Groups_AudioMaster.uexp" 46
"../../../Engine/Content/EditorMaterials/MatineeGroups/MAT_Groups_Director.uasset" 47
"../../../Engine/Content/EditorMaterials/MatineeGroups/MAT_Groups_Director.uexp" 48
"../../../Engine/Content/EditorMaterials/MatineeGroups/MAT_Groups_Event.uasset" 49
"../../../Engine/Content/EditorMaterials/MatineeGroups/MAT_Groups_Event.uexp" 50
"../../../Engine/Content/EditorMaterials/MatineeGroups/MAT_Groups_Fade.uasset" 51
"../../../Engine/Content/EditorMaterials/MatineeGroups/MAT_Groups_Fade.uexp" 52
"../../../Engine/Content/EditorMaterials/MatineeGroups/MAT_Groups_Float.uasset" 53
"../../../Engine/Content/EditorMaterials/MatineeGroups/MAT_Groups_Float.uexp" 54
"../../../Engine/Content/EditorMaterials/MatineeGroups/MAT_Groups_Move.uasset" 55
"../../../Engine/Content/EditorMaterials/MatineeGroups/MAT_Groups_Move.uexp" 56
"../../../Engine/Content/EditorMaterials/MatineeGroups/MAT_Groups_Slomo.uasset" 57
"../../../Engine/Content/EditorMaterials/MatineeGroups/MAT_Groups_Slomo.uexp" 58
"../../../Engine/Content/EditorMaterials/MatineeGroups/MAT_Groups_Sound.uasset" 59
"../../../Engine/Content/EditorMaterials/MatineeGroups/MAT_Groups_Sound.uexp" 60
"../../../Engine/Content/EditorMaterials/MatineeGroups/MAT_Groups_Vector.uasset" 61
"../../../Engine/Content/EditorMaterials/MatineeGroups/MAT_Groups_Vector.uexp" 62
"../../../Engine/Content/EditorMaterials/ParticleSystems/PSysThumbnail_NoImage.uasset" 63
"../../../Engine/Content/EditorMaterials/ParticleSystems/PSysThumbnail_NoImage.uexp" 64
"../../../Engine/Content/EditorMaterials/ParticleSystems/PSysThumbnail_NoImage.ubulk" 65
"../../../Engine/Content/EditorMaterials/ParticleSystems/PSysThumbnail_OOD.uasset" 66
"../../../Engine/Content/EditorMaterials/ParticleSystems/PSysThumbnail_OOD.uexp" 67
"../../../Engine/Content/EditorMaterials/ParticleSystems/PSysThumbnail_OOD.ubulk" 68
"../../../Engine/Content/EditorMaterials/Camera/CineMat.uasset" 69
"../../../Engine/Content/EditorMaterials/Camera/CineMat.uexp" 70
"../../../Engine/Content/EditorMaterials/Camera/MI_CineMat_Rig.uasset" 71
"../../../Engine/Content/EditorMaterials/Camera/MI_CineMat_Rig.uexp" 72
"../../../Engine/Content/EditorMeshes/Camera/SM_CraneRig_Arm.uasset" 73
"../../../Engine/Content/EditorMeshes/Camera/SM_CraneRig_Arm.uexp" 74
"../../../Engine/Content/EditorMeshes/Camera/SM_CraneRig_Base.uasset" 75
"../../../Engine/Content/EditorMeshes/Camera/SM_CraneRig_Base.uexp" 76
"../../../Engine/Content/EditorMeshes/Camera/SM_CraneRig_Body.uasset" 77
"../../../Engine/Content/EditorMeshes/Camera/SM_CraneRig_Body.uexp" 78
"../../../Engine/Content/EditorMeshes/Camera/SM_CraneRig_Mount.uasset" 79
"../../../Engine/Content/EditorMeshes/Camera/SM_CraneRig_Mount.uexp" 80
"../../../Engine/Content/EditorMeshes/Camera/SM_RailRig_Mount.uasset" 81
"../../../Engine/Content/EditorMeshes/Camera/SM_RailRig_Mount.uexp" 82
"../../../Engine/Content/EditorMeshes/Camera/SM_RailRig_Track.uasset" 83
"../../../Engine/Content/EditorMeshes/Camera/SM_RailRig_Track.uexp" 84
"../../../Engine/Content/EditorResources/BSPVertex.uasset" 85
"../../../Engine/Content/EditorResources/BSPVertex.uexp" 86
"../../../Engine/Content/EditorResources/EmptyActor.uasset" 87
"../../../Engine/Content/EditorResources/EmptyActor.uexp" 88
"../../../Engine/Content/EditorResources/S_Actor.uasset" 89
"../../../Engine/Content/EditorResources/S_Actor.uexp" 90
"../../../Engine/Content/EditorResources/S_Actor.ubulk" 91
"../../../Engine/Content/EditorResources/S_Note.uasset" 92
"../../../Engine/Content/EditorResources/S_Note.uexp" 93
"../../../Engine/Content/EditorResources/S_Note.ubulk" 94
"../../../Engine/Content/EditorResources/S_Solver.uasset" 95
"../../../Engine/Content/EditorResources/S_Solver.uexp" 96
"../../../Engine/Content/EditorResources/S_Solver.ubulk" 97
"../../../Engine/Content/EditorResources/S_Terrain.uasset" 98
"../../../Engine/Content/EditorResources/S_Terrain.uexp" 99
"../../../Engine/Content/EditorResources/S_Terrain.ubulk" 100
"../../../Engine/Content/EditorResources/S_Trigger.uasset" 101
"../../../Engine/Content/EditorResources/S_Trigger.uexp" 102
"../../../Engine/Content/EditorResources/S_Trigger.ubulk" 103
"../../../Engine/Content/EditorResources/AudioIcons/S_AudioComponent_AutoActivate.uasset" 104
"../../../Engine/Content/EditorResources/AudioIcons/S_AudioComponent_AutoActivate.uexp" 105
"../../../Engine/Content/EditorResources/AudioIcons/S_AudioComponent_AutoActivate.ubulk" 106
"../../../Engine/Content/EditorResources/LightIcons/S_LightError.uasset" 107
"../../../Engine/Content/EditorResources/LightIcons/S_LightError.uexp" 108
"../../../Engine/Content/EditorResources/SequenceRecorder/Countdown.uasset" 109
"../../../Engine/Content/EditorResources/SequenceRecorder/Countdown.uexp" 110
"../../../Engine/Content/EditorResources/SequenceRecorder/RecordingIndicator.uasset" 111
"../../../Engine/Content/EditorResources/SequenceRecorder/RecordingIndicator.uexp" 112
"../../../Engine/Content/EngineDamageTypes/DmgTypeBP_Environmental.uasset" 113
"../../../Engine/Content/EngineDamageTypes/DmgTypeBP_Environmental.uexp" 114
"../../../Engine/Content/EngineDebugMaterials/DebugEditorMaterial.uasset" 115
"../../../Engine/Content/EngineDebugMaterials/DebugEditorMaterial.uexp" 116
"../../../Engine/Content/EngineDebugMaterials/DebugMeshMaterial.uasset" 117
"../../../Engine/Content/EngineDebugMaterials/DebugMeshMaterial.uexp" 118
"../../../Engine/Content/EngineDebugMaterials/M_SimpleUnlitTranslucent.uasset" 119
"../../../Engine/Content/EngineDebugMaterials/M_SimpleUnlitTranslucent.uexp" 120
"../../../Engine/Content/EngineDebugMaterials/VolumeToRender.uasset" 121
"../../../Engine/Content/EngineDebugMaterials/VolumeToRender.uexp" 122
"../../../Engine/Content/Functions/Engine_MaterialFunctions02/Utility/CameraDirectionVector.uasset" 123
"../../../Engine/Content/Functions/Engine_MaterialFunctions02/Utility/CameraDirectionVector.uexp" 124
"../../../Engine/Content/EngineDebugMaterials/M_VolumeRenderSphereTracePP.uasset" 125
"../../../Engine/Content/EngineDebugMaterials/M_VolumeRenderSphereTracePP.uexp" 126
"../../../Engine/Content/Functions/Engine_MaterialFunctions01/Shading/ConvertFromDiffSpec.uasset" 127
"../../../Engine/Content/Functions/Engine_MaterialFunctions01/Shading/ConvertFromDiffSpec.uexp" 128
"../../../Engine/Content/EngineDebugMaterials/VertexColorMaterial.uasset" 129
"../../../Engine/Content/EngineDebugMaterials/VertexColorMaterial.uexp" 130
"../../../Engine/Content/EngineDebugMaterials/WireframeMaterial.uasset" 131
"../../../Engine/Content/EngineDebugMaterials/WireframeMaterial.uexp" 132
"../../../Engine/Content/EngineFonts/Faces/RobotoRegular.uasset" 133
"../../../Engine/Content/EngineFonts/Faces/RobotoRegular.uexp" 134
"../../../Engine/Content/EngineFonts/Faces/RobotoRegular.ufont" 135
"../../../Engine/Content/EngineFonts/Faces/RobotoLight.uasset" 136
"../../../Engine/Content/EngineFonts/Faces/RobotoLight.uexp" 137
"../../../Engine/Content/EngineFonts/Faces/RobotoLight.ufont" 138
"../../../Engine/Content/EngineFonts/Faces/RobotoItalic.uasset" 139
"../../../Engine/Content/EngineFonts/Faces/RobotoItalic.uexp" 140
"../../../Engine/Content/EngineFonts/Faces/RobotoItalic.ufont" 141
"../../../Engine/Content/EngineFonts/Faces/RobotoBoldItalic.uasset" 142
"../../../Engine/Content/EngineFonts/Faces/RobotoBoldItalic.uexp" 143
"../../../Engine/Content/EngineFonts/Faces/RobotoBoldItalic.ufont" 144
"../../../Engine/Content/EngineFonts/Faces/RobotoBold.uasset" 145
"../../../Engine/Content/EngineFonts/Faces/RobotoBold.uexp" 146
"../../../Engine/Content/EngineFonts/Faces/RobotoBold.ufont" 147
"../../../Engine/Content/EngineFonts/Faces/DroidSansFallback.uasset" 148
"../../../Engine/Content/EngineFonts/Faces/DroidSansFallback.uexp" 149
"../../../Engine/Content/EngineFonts/Faces/DroidSansFallback.ufont" 150
"../../../Engine/Content/EngineFonts/Roboto.uasset" 151
"../../../Engine/Content/EngineFonts/Roboto.uexp" 152
"../../../Engine/Content/EngineMaterials/BaseFlattenNormalMap.uasset" 153
"../../../Engine/Content/EngineMaterials/BaseFlattenNormalMap.uexp" 154
"../../../Engine/Content/EngineMaterials/BaseFlattenGrayscaleMap.uasset" 155
"../../../Engine/Content/EngineMaterials/BaseFlattenGrayscaleMap.uexp" 156
"../../../Engine/Content/EngineMaterials/BaseFlattenEmissiveMap.uasset" 157
"../../../Engine/Content/EngineMaterials/BaseFlattenEmissiveMap.uexp" 158
"../../../Engine/Content/EngineMaterials/BaseFlattenDiffuseMap.uasset" 159
"../../../Engine/Content/EngineMaterials/BaseFlattenDiffuseMap.uexp" 160
"../../../Engine/Content/EngineMaterials/BaseFlattenMaterial.uasset" 161
"../../../Engine/Content/EngineMaterials/BaseFlattenMaterial.uexp" 162
"../../../Engine/Content/EngineMaterials/BlueNoise.uasset" 163
"../../../Engine/Content/EngineMaterials/BlueNoise.uexp" 164
"../../../Engine/Content/EngineMaterials/DefaultBloomKernel.uasset" 165
"../../../Engine/Content/EngineMaterials/DefaultBloomKernel.uexp" 166
"../../../Engine/Content/EngineMaterials/DefaultBokeh.uasset" 167
"../../../Engine/Content/EngineMaterials/DefaultBokeh.uexp" 168
"../../../Engine/Content/EngineMaterials/DefaultDiffuse.uasset" 169
"../../../Engine/Content/EngineMaterials/DefaultDiffuse.uexp" 170
"../../../Engine/Content/EngineMaterials/DefaultDiffuse.ubulk" 171
"../../../Engine/Content/EngineMaterials/DefaultDeferredDecalMaterial.uasset" 172
"../../../Engine/Content/EngineMaterials/DefaultDeferredDecalMaterial.uexp" 173
"../../../Engine/Content/EngineMaterials/DefaultLightFunctionMaterial.uasset" 174
"../../../Engine/Content/EngineMaterials/DefaultLightFunctionMaterial.uexp" 175
"../../../Engine/Content/EngineMaterials/DefaultPhysicalMaterial.uasset" 176
"../../../Engine/Content/EngineMaterials/DefaultPhysicalMaterial.uexp" 177
"../../../Engine/Content/Functions/Engine_MaterialFunctions02/Utility/BreakOutFloat2Components.uasset" 178
"../../../Engine/Content/Functions/Engine_MaterialFunctions02/Utility/BreakOutFloat2Components.uexp" 179
"../../../Engine/Content/EngineMaterials/DefaultPostProcessMaterial.uasset" 180
"../../../Engine/Content/EngineMaterials/DefaultPostProcessMaterial.uexp" 181
"../../../Engine/Content/EngineFonts/RobotoDistanceField.uasset" 182
"../../../Engine/Content/EngineFonts/RobotoDistanceField.uexp" 183
"../../../Engine/Content/EngineMaterials/DefaultTextMaterialOpaque.uasset" 184
"../../../Engine/Content/EngineMaterials/DefaultTextMaterialOpaque.uexp" 185
"../../../Engine/Content/EngineMaterials/DefaultWhiteGrid.uasset" 186
"../../../Engine/Content/EngineMaterials/DefaultWhiteGrid.uexp" 187
"../../../Engine/Content/EngineMaterials/DefaultWhiteGrid.ubulk" 188
"../../../Engine/Content/EngineMaterials/DefaultWhiteGrid_Low.uasset" 189
"../../../Engine/Content/EngineMaterials/DefaultWhiteGrid_Low.uexp" 190
"../../../Engine/Content/EngineMaterials/EmissiveMeshMaterial.uasset" 191
"../../../Engine/Content/EngineMaterials/EmissiveMeshMaterial.uexp" 192
"../../../Engine/Content/EngineMaterials/GizmoMaterial.uasset" 193
"../../../Engine/Content/EngineMaterials/GizmoMaterial.uexp" 194
"../../../Engine/Content/EngineMaterials/Good64x64TilingNoiseHighFreq.uasset" 195
"../../../Engine/Content/EngineMaterials/Good64x64TilingNoiseHighFreq.uexp" 196
"../../../Engine/Content/EngineMaterials/MiniFont.uasset" 197
"../../../Engine/Content/EngineMaterials/MiniFont.uexp" 198
"../../../Engine/Content/EngineMaterials/InvalidLightmapSettings.uasset" 199
"../../../Engine/Content/EngineMaterials/InvalidLightmapSettings.uexp" 200
"../../../Engine/Content/EngineMaterials/InvalidLightmapSettings.ubulk" 201
"../../../Engine/Content/EngineMaterials/M_InvalidLightmapSettings.uasset" 202
"../../../Engine/Content/EngineMaterials/M_InvalidLightmapSettings.uexp" 203
"../../../Engine/Content/Functions/Engine_MaterialFunctions02/WorldPositionOffset/CameraOffset.uasset" 204
"../../../Engine/Content/Functions/Engine_MaterialFunctions02/WorldPositionOffset/CameraOffset.uexp" 205
"../../../Engine/Content/EngineMaterials/PhAT_JointLimitMaterial.uasset" 206
"../../../Engine/Content/EngineMaterials/PhAT_JointLimitMaterial.uexp" 207
"../../../Engine/Content/EngineMaterials/DefaultCalibrationColor.uasset" 208
"../../../Engine/Content/EngineMaterials/DefaultCalibrationColor.uexp" 209
"../../../Engine/Content/EngineMaterials/PPM_DefaultCalibrationColor.uasset" 210
"../../../Engine/Content/EngineMaterials/PPM_DefaultCalibrationColor.uexp" 211
"../../../Engine/Content/EngineMaterials/DefaultCalibrationGrayscale.uasset" 212
"../../../Engine/Content/EngineMaterials/DefaultCalibrationGrayscale.uexp" 213
"../../../Engine/Content/EngineMaterials/PPM_DefaultCalibrationGrayscale.uasset" 214
"../../../Engine/Content/EngineMaterials/PPM_DefaultCalibrationGrayscale.uexp" 215
"../../../Engine/Content/EngineMaterials/PreintegratedSkinBRDF.uasset" 216
"../../../Engine/Content/EngineMaterials/PreintegratedSkinBRDF.uexp" 217
"../../../Engine/Content/EngineMaterials/RemoveSurfaceMaterial.uasset" 218
"../../../Engine/Content/EngineMaterials/RemoveSurfaceMaterial.uexp" 219
"../../../Engine/Content/EngineMaterials/WeightMapPlaceholderTexture.uasset" 220
"../../../Engine/Content/EngineMaterials/WeightMapPlaceholderTexture.uexp" 221
"../../../Engine/Content/EngineResources/WhiteSquareTexture.uasset" 222
"../../../Engine/Content/EngineResources/WhiteSquareTexture.uexp" 223
"../../../Engine/Content/EngineMaterials/Widget3DPassThrough.uasset" 224
"../../../Engine/Content/EngineMaterials/Widget3DPassThrough.uexp" 225
"../../../Engine/Content/EngineMaterials/Widget3DPassThrough_Masked.uasset" 226
"../../../Engine/Content/EngineMaterials/Widget3DPassThrough_Masked.uexp" 227
"../../../Engine/Content/EngineMaterials/Widget3DPassThrough_Opaque.uasset" 228
"../../../Engine/Content/EngineMaterials/Widget3DPassThrough_Opaque.uexp" 229
"../../../Engine/Content/EngineMaterials/Widget3DPassThrough_Masked_OneSided.uasset" 230
"../../../Engine/Content/EngineMaterials/Widget3DPassThrough_Masked_OneSided.uexp" 231
"../../../Engine/Content/EngineMaterials/Widget3DPassThrough_Opaque_OneSided.uasset" 232
"../../../Engine/Content/EngineMaterials/Widget3DPassThrough_Opaque_OneSided.uexp" 233
"../../../Engine/Content/EngineMaterials/Widget3DPassThrough_Translucent.uasset" 234
"../../../Engine/Content/EngineMaterials/Widget3DPassThrough_Translucent.uexp" 235
"../../../Engine/Content/EngineMaterials/Widget3DPassThrough_Translucent_OneSided.uasset" 236
"../../../Engine/Content/EngineMaterials/Widget3DPassThrough_Translucent_OneSided.uexp" 237
"../../../Engine/Content/EngineMeshes/Cylinder.uasset" 238
"../../../Engine/Content/EngineMeshes/Cylinder.uexp" 239
"../../../Engine/Content/EngineMeshes/Sphere.uasset" 240
"../../../Engine/Content/EngineMeshes/Sphere.uexp" 241
"../../../Engine/Content/EngineResources/DefaultTexture.uasset" 242
"../../../Engine/Content/EngineResources/DefaultTexture.uexp" 243
"../../../Engine/Content/EngineResources/DefaultTexture.ubulk" 244
"../../../Engine/Content/EngineResources/DefaultTextureCube.uasset" 245
"../../../Engine/Content/EngineResources/DefaultTextureCube.uexp" 246
"../../../Engine/Content/EngineResources/DefaultVolumeTexture2D.uasset" 247
"../../../Engine/Content/EngineResources/DefaultVolumeTexture2D.uexp" 248
"../../../Engine/Content/EngineResources/DefaultVolumeTexture.uasset" 249
"../../../Engine/Content/EngineResources/DefaultVolumeTexture.uexp" 250
"../../../Engine/Content/EngineResources/GradientTexture0.uasset" 251
"../../../Engine/Content/EngineResources/GradientTexture0.uexp" 252
"../../../Engine/Content/EngineSky/VolumetricClouds/T_NoiseShape64.uasset" 253
"../../../Engine/Content/EngineSky/VolumetricClouds/T_NoiseShape64.uexp" 254
"../../../Engine/Content/EngineSky/VolumetricClouds/T_NoiseShape64.ubulk" 255
"../../../Engine/Content/EngineSky/VolumetricClouds/T_VolumeNoiseShape64.uasset" 256
"../../../Engine/Content/EngineSky/VolumetricClouds/T_VolumeNoiseShape64.uexp" 257
"../../../Engine/Content/EngineSky/VolumetricClouds/T_NoiseErosion.uasset" 258
"../../../Engine/Content/EngineSky/VolumetricClouds/T_NoiseErosion.uexp" 259
"../../../Engine/Content/EngineSky/VolumetricClouds/T_NoiseErosion.ubulk" 260
"../../../Engine/Content/EngineSky/VolumetricClouds/T_VolumeNoiseErosion32.uasset" 261
"../../../Engine/Content/EngineSky/VolumetricClouds/T_VolumeNoiseErosion32.uexp" 262
"../../../Engine/Content/EngineSky/VolumetricClouds/CloudWeatherTexture.uasset" 263
"../../../Engine/Content/EngineSky/VolumetricClouds/CloudWeatherTexture.uexp" 264
"../../../Engine/Content/EngineSky/VolumetricClouds/CloudGradientTexture.uasset" 265
"../../../Engine/Content/EngineSky/VolumetricClouds/CloudGradientTexture.uexp" 266
"../../../Engine/Content/Functions/Engine_MaterialFunctions02/Utility/MakeFloat2.uasset" 267
"../../../Engine/Content/Functions/Engine_MaterialFunctions02/Utility/MakeFloat2.uexp" 268
"../../../Engine/Content/EngineSky/VolumetricClouds/m_SimpleVolumetricCloud.uasset" 269
"../../../Engine/Content/EngineSky/VolumetricClouds/m_SimpleVolumetricCloud.uexp" 270
"../../../Engine/Content/EngineSky/VolumetricClouds/m_SimpleVolumetricCloud_Inst.uasset" 271
"../../../Engine/Content/EngineSky/VolumetricClouds/m_SimpleVolumetricCloud_Inst.uexp" 272
"../../../Engine/Content/Functions/Engine_MaterialFunctions01/Shading/PowerToRoughness.uasset" 273
"../../../Engine/Content/Functions/Engine_MaterialFunctions01/Shading/PowerToRoughness.uexp" 274
"../../../Engine/Content/Maps/Templates/Thumbnails/Default.uasset" 275
"../../../Engine/Content/Maps/Templates/Thumbnails/Default.uexp" 276
"../../../Engine/Content/Maps/Templates/Thumbnails/TimeOfDay.uasset" 277
"../../../Engine/Content/Maps/Templates/Thumbnails/TimeOfDay.uexp" 278
"../../../Engine/Content/Maps/Templates/Thumbnails/VR-Basic.uasset" 279
"../../../Engine/Content/Maps/Templates/Thumbnails/VR-Basic.uexp" 280
"../../../Engine/Content/MobileResources/T_MobileControls_texture.uasset" 281
"../../../Engine/Content/MobileResources/T_MobileControls_texture.uexp" 282
"../../../Engine/Content/MobileResources/T_MobileMenu2.uasset" 283
"../../../Engine/Content/MobileResources/T_MobileMenu2.uexp" 284
"../../../Engine/Content/MobileResources/HUD/AnalogHat.uasset" 285
"../../../Engine/Content/MobileResources/HUD/AnalogHat.uexp" 286
"../../../Engine/Content/MobileResources/HUD/VirtualJoystick_Background.uasset" 287
"../../../Engine/Content/MobileResources/HUD/VirtualJoystick_Background.uexp" 288
"../../../Engine/Content/MobileResources/HUD/DefaultVirtualJoysticks.uasset" 289
"../../../Engine/Content/MobileResources/HUD/DefaultVirtualJoysticks.uexp" 290
"../../../Engine/Content/MobileResources/HUD/LeftVirtualJoystickOnly.uasset" 291
"../../../Engine/Content/MobileResources/HUD/LeftVirtualJoystickOnly.uexp" 292
"../../../Engine/Content/MobileResources/HUD/MobileHUDButton1_off.uasset" 293
"../../../Engine/Content/MobileResources/HUD/MobileHUDButton1_off.uexp" 294
"../../../Engine/Content/MobileResources/HUD/MobileHUDButton1_on.uasset" 295
"../../../Engine/Content/MobileResources/HUD/MobileHUDButton1_on.uexp" 296
"../../../Engine/Content/MobileResources/HUD/MobileHUDButton2_off.uasset" 297
"../../../Engine/Content/MobileResources/HUD/MobileHUDButton2_off.uexp" 298
"../../../Engine/Content/MobileResources/HUD/MobileHUDButton2_on.uasset" 299
"../../../Engine/Content/MobileResources/HUD/MobileHUDButton2_on.uexp" 300
"../../../Engine/Content/MobileResources/HUD/MobileHUDButton3.uasset" 301
"../../../Engine/Content/MobileResources/HUD/MobileHUDButton3.uexp" 302
"../../../Engine/Content/MobileResources/HUD/MobileHUDButtonFire.uasset" 303
"../../../Engine/Content/MobileResources/HUD/MobileHUDButtonFire.uexp" 304
"../../../Engine/Content/MobileResources/HUD/MobileHUDDirectionPad.uasset" 305
"../../../Engine/Content/MobileResources/HUD/MobileHUDDirectionPad.uexp" 306
"../../../Engine/Content/MobileResources/HUD/MobileHUDDirectionPad2.uasset" 307
"../../../Engine/Content/MobileResources/HUD/MobileHUDDirectionPad2.uexp" 308
"../../../Engine/Content/MobileResources/HUD/MobileHUDDirectionPad3.uasset" 309
"../../../Engine/Content/MobileResources/HUD/MobileHUDDirectionPad3.uexp" 310
"../../../Engine/Content/MobileResources/HUD/MobileHUDDirectionStick.uasset" 311
"../../../Engine/Content/MobileResources/HUD/MobileHUDDirectionStick.uexp" 312
"../../../Engine/Content/MobileResources/HUD/T_Castle_ThumbstickInner.uasset" 313
"../../../Engine/Content/MobileResources/HUD/T_Castle_ThumbstickInner.uexp" 314
"../../../Engine/Content/MobileResources/HUD/T_Castle_ThumbstickOutter.uasset" 315
"../../../Engine/Content/MobileResources/HUD/T_Castle_ThumbstickOutter.uexp" 316
"../../../Engine/Content/Tutorial/ContentIntroCurve.uasset" 317
"../../../Engine/Content/Tutorial/ContentIntroCurve.uexp" 318
"../../../Engine/Content/Tutorial/Basics/TutorialAssets/icon_tab_Levels_40x.uasset" 319
"../../../Engine/Content/Tutorial/Basics/TutorialAssets/icon_tab_Levels_40x.uexp" 320
"../../../Engine/Content/Tutorial/BlueprintTutorials/TutorialAssets/Blueprint_64x.uasset" 321
"../../../Engine/Content/Tutorial/BlueprintTutorials/TutorialAssets/Blueprint_64x.uexp" 322
"../../../Engine/Content/Tutorial/Landscape/TutorialAssets/Landscape.uasset" 323
"../../../Engine/Content/Tutorial/Landscape/TutorialAssets/Landscape.uexp" 324
"../../../Engine/Content/EditorBlueprintResources/StandardMacros.uasset" 325
"../../../Engine/Content/EditorBlueprintResources/StandardMacros.uexp" 326
"../../../Engine/Content/VREditor/TransformGizmo/TranslucentTransformGizmoMaterial.uasset" 327
"../../../Engine/Content/VREditor/TransformGizmo/TranslucentTransformGizmoMaterial.uexp" 328
"../../../Engine/Content/VREditor/LaserPointer/VR_LaserPower_01.uasset" 329
"../../../Engine/Content/VREditor/LaserPointer/VR_LaserPower_01.uexp" 330
"../../../Engine/Content/VREditor/LaserPointer/VR_LaserPower_01.ubulk" 331
"../../../Engine/Content/VREditor/TransformGizmo/TransformGizmoMaterial.uasset" 332
"../../../Engine/Content/VREditor/TransformGizmo/TransformGizmoMaterial.uexp" 333
"../../../Engine/Content/VREditor/TransformGizmo/BoundingBoxCorner.uasset" 334
"../../../Engine/Content/VREditor/TransformGizmo/BoundingBoxCorner.uexp" 335
"../../../Engine/Content/VREditor/TransformGizmo/BoundingBoxEdge.uasset" 336
"../../../Engine/Content/VREditor/TransformGizmo/BoundingBoxEdge.uexp" 337
"../../../Engine/Content/VREditor/TransformGizmo/PlaneTranslationHandle.uasset" 338
"../../../Engine/Content/VREditor/TransformGizmo/PlaneTranslationHandle.uexp" 339
"../../../Engine/Content/VREditor/TransformGizmo/Xray.uasset" 340
"../../../Engine/Content/VREditor/TransformGizmo/Xray.uexp" 341
"../../../Engine/Content/VREditor/TransformGizmo/Main.uasset" 342
"../../../Engine/Content/VREditor/TransformGizmo/Main.uexp" 343
"../../../Engine/Content/VREditor/TransformGizmo/SM_Sequencer_Key.uasset" 344
"../../../Engine/Content/VREditor/TransformGizmo/SM_Sequencer_Key.uexp" 345
"../../../Engine/Content/VREditor/TransformGizmo/SM_Sequencer_Node.uasset" 346
"../../../Engine/Content/VREditor/TransformGizmo/SM_Sequencer_Node.uexp" 347
"../../../Engine/Plugins/2D/Paper2D/Content/PlaceholderTextures/DummySpriteTexture.uasset" 348
"../../../Engine/Plugins/2D/Paper2D/Content/PlaceholderTextures/DummySpriteTexture.uexp" 349
"../../../Engine/Plugins/2D/Paper2D/Content/PlaceholderTextures/DummySpriteTexture.ubulk" 350
"../../../Engine/Plugins/2D/Paper2D/Content/DummySprite.uasset" 351
"../../../Engine/Plugins/2D/Paper2D/Content/DummySprite.uexp" 352
"../../../Engine/Plugins/2D/Paper2D/Content/DefaultPaperTerrainMaterial.uasset" 353
"../../../Engine/Plugins/2D/Paper2D/Content/DefaultPaperTerrainMaterial.uexp" 354
"../../../Engine/Plugins/2D/Paper2D/Content/DefaultSpriteMaterial.uasset" 355
"../../../Engine/Plugins/2D/Paper2D/Content/DefaultSpriteMaterial.uexp" 356
"../../../Engine/Plugins/2D/Paper2D/Content/MaskedUnlitSpriteMaterial.uasset" 357
"../../../Engine/Plugins/2D/Paper2D/Content/MaskedUnlitSpriteMaterial.uexp" 358
"../../../Engine/Plugins/2D/Paper2D/Content/OpaqueUnlitSpriteMaterial.uasset" 359
"../../../Engine/Plugins/2D/Paper2D/Content/OpaqueUnlitSpriteMaterial.uexp" 360
"../../../Engine/Content/Functions/Engine_MaterialFunctions02/Utility/BreakOutFloat3Components.uasset" 361
"../../../Engine/Content/Functions/Engine_MaterialFunctions02/Utility/BreakOutFloat3Components.uexp" 362
"../../../Engine/Plugins/Editor/SpeedTreeImporter/Content/SpeedTree9/UnpackInteger3.uasset" 363
"../../../Engine/Plugins/Editor/SpeedTreeImporter/Content/SpeedTree9/UnpackInteger3.uexp" 364
"../../../Engine/Plugins/Editor/SpeedTreeImporter/Content/SpeedTree9/UnpackDirection.uasset" 365
"../../../Engine/Plugins/Editor/SpeedTreeImporter/Content/SpeedTree9/UnpackDirection.uexp" 366
"../../../Engine/Plugins/Editor/SpeedTreeImporter/Content/SpeedTree9/game_wind_noise.uasset" 367
"../../../Engine/Plugins/Editor/SpeedTreeImporter/Content/SpeedTree9/game_wind_noise.uexp" 368
"../../../Engine/Plugins/Editor/SpeedTreeImporter/Content/SpeedTree9/game_wind_noise.ubulk" 369
"../../../Engine/Content/Functions/Engine_MaterialFunctions02/SafeNormalize.uasset" 370
"../../../Engine/Content/Functions/Engine_MaterialFunctions02/SafeNormalize.uexp" 371
"../../../Engine/Plugins/Editor/SpeedTreeImporter/Content/SpeedTree9/SpeedTreeWindMotion.uasset" 372
"../../../Engine/Plugins/Editor/SpeedTreeImporter/Content/SpeedTree9/SpeedTreeWindMotion.uexp" 373
"../../../Engine/Plugins/Editor/SpeedTreeImporter/Content/SpeedTree9/SpeedTreeBranchMotion.uasset" 374
"../../../Engine/Plugins/Editor/SpeedTreeImporter/Content/SpeedTree9/SpeedTreeBranchMotion.uexp" 375
"../../../Engine/Content/Functions/Engine_MaterialFunctions02/ObjectLocalBounds.uasset" 376
"../../../Engine/Content/Functions/Engine_MaterialFunctions02/ObjectLocalBounds.uexp" 377
"../../../Engine/Content/Functions/Engine_MaterialFunctions02/UVs/BoundingBoxBased_0-1_UVW.uasset" 378
"../../../Engine/Content/Functions/Engine_MaterialFunctions02/UVs/BoundingBoxBased_0-1_UVW.uexp" 379
"../../../Engine/Content/Functions/Engine_MaterialFunctions02/Utility/VectorLength.uasset" 380
"../../../Engine/Content/Functions/Engine_MaterialFunctions02/Utility/VectorLength.uexp" 381
"../../../Engine/Content/Functions/Engine_MaterialFunctions02/WorldPositionOffset/ObjectScale.uasset" 382
"../../../Engine/Content/Functions/Engine_MaterialFunctions02/WorldPositionOffset/ObjectScale.uexp" 383
"../../../Engine/Plugins/Editor/SpeedTreeImporter/Content/SpeedTree9/SpeedTreeWind.uasset" 384
"../../../Engine/Plugins/Editor/SpeedTreeImporter/Content/SpeedTree9/SpeedTreeWind.uexp" 385
"../../../Engine/Plugins/Editor/SpeedTreeImporter/Content/SpeedTree9/SpeedTreeBillboard.uasset" 386
"../../../Engine/Plugins/Editor/SpeedTreeImporter/Content/SpeedTree9/SpeedTreeBillboard.uexp" 387
"../../../Engine/Plugins/Editor/SpeedTreeImporter/Content/SpeedTree9/EmptyNormal.uasset" 388
"../../../Engine/Plugins/Editor/SpeedTreeImporter/Content/SpeedTree9/EmptyNormal.uexp" 389
"../../../Engine/Plugins/Editor/SpeedTreeImporter/Content/SpeedTree9/Empty.uasset" 390
"../../../Engine/Plugins/Editor/SpeedTreeImporter/Content/SpeedTree9/Empty.uexp" 391
"../../../Engine/Plugins/Editor/SpeedTreeImporter/Content/SpeedTree9/SpeedTreeBillboardMaster.uasset" 392
"../../../Engine/Plugins/Editor/SpeedTreeImporter/Content/SpeedTree9/SpeedTreeBillboardMaster.uexp" 393
"../../../Engine/Plugins/Editor/SpeedTreeImporter/Content/SpeedTree9/SpeedTreeCameraFacing.uasset" 394
"../../../Engine/Plugins/Editor/SpeedTreeImporter/Content/SpeedTree9/SpeedTreeCameraFacing.uexp" 395
"../../../Engine/Plugins/Editor/SpeedTreeImporter/Content/SpeedTree9/SpeedTreeMaster.uasset" 396
"../../../Engine/Plugins/Editor/SpeedTreeImporter/Content/SpeedTree9/SpeedTreeMaster.uexp" 397
"../../../Engine/Plugins/Runtime/OpenXR/Content/Devices/GoogleDaydream/MRTexture.uasset" 398
"../../../Engine/Plugins/Runtime/OpenXR/Content/Devices/GoogleDaydream/MRTexture.uexp" 399
"../../../Engine/Plugins/Runtime/OpenXR/Content/Devices/GoogleDaydream/MRTexture.ubulk" 400
"../../../Engine/Plugins/Runtime/OpenXR/Content/Devices/GoogleDaydream/BaseTexture.uasset" 401
"../../../Engine/Plugins/Runtime/OpenXR/Content/Devices/GoogleDaydream/BaseTexture.uexp" 402
"../../../Engine/Plugins/Runtime/OpenXR/Content/Devices/GoogleDaydream/BaseTexture.ubulk" 403
"../../../Engine/Content/EngineResources/Black.uasset" 404
"../../../Engine/Content/EngineResources/Black.uexp" 405
"../../../Engine/Plugins/Runtime/OpenXR/Content/Devices/M_XRController.uasset" 406
"../../../Engine/Plugins/Runtime/OpenXR/Content/Devices/M_XRController.uexp" 407
"../../../Engine/Plugins/Runtime/OpenXR/Content/Devices/GoogleDaydream/MI_GoogleDaydream.uasset" 408
"../../../Engine/Plugins/Runtime/OpenXR/Content/Devices/GoogleDaydream/MI_GoogleDaydream.uexp" 409
"../../../Engine/Plugins/Runtime/OpenXR/Content/Devices/GoogleDaydream/GoogleDaydreamController.uasset" 410
"../../../Engine/Plugins/Runtime/OpenXR/Content/Devices/GoogleDaydream/GoogleDaydreamController.uexp" 411
"../../../Engine/Plugins/Runtime/OpenXR/Content/Devices/HTCVive/BaseTexture.uasset" 412
"../../../Engine/Plugins/Runtime/OpenXR/Content/Devices/HTCVive/BaseTexture.uexp" 413
"../../../Engine/Plugins/Runtime/OpenXR/Content/Devices/HTCVive/BaseTexture.ubulk" 414
"../../../Engine/Plugins/Runtime/OpenXR/Content/Devices/HTCVive/MI_HTCVive.uasset" 415
"../../../Engine/Plugins/Runtime/OpenXR/Content/Devices/HTCVive/MI_HTCVive.uexp" 416
"../../../Engine/Plugins/Runtime/OpenXR/Content/Devices/HTCVive/HTCViveController.uasset" 417
"../../../Engine/Plugins/Runtime/OpenXR/Content/Devices/HTCVive/HTCViveController.uexp" 418
"../../../Engine/Plugins/Runtime/OpenXR/Content/Devices/MicrosoftMixedReality/NormalTexture.uasset" 419
"../../../Engine/Plugins/Runtime/OpenXR/Content/Devices/MicrosoftMixedReality/NormalTexture.uexp" 420
"../../../Engine/Plugins/Runtime/OpenXR/Content/Devices/MicrosoftMixedReality/NormalTexture.ubulk" 421
"../../../Engine/Plugins/Runtime/OpenXR/Content/Devices/MicrosoftMixedReality/MRTexture.uasset" 422
"../../../Engine/Plugins/Runtime/OpenXR/Content/Devices/MicrosoftMixedReality/MRTexture.uexp" 423
"../../../Engine/Plugins/Runtime/OpenXR/Content/Devices/MicrosoftMixedReality/MRTexture.ubulk" 424
"../../../Engine/Plugins/Runtime/OpenXR/Content/Devices/MicrosoftMixedReality/EmissiveTexture.uasset" 425
"../../../Engine/Plugins/Runtime/OpenXR/Content/Devices/MicrosoftMixedReality/EmissiveTexture.uexp" 426
"../../../Engine/Plugins/Runtime/OpenXR/Content/Devices/MicrosoftMixedReality/EmissiveTexture.ubulk" 427
"../../../Engine/Plugins/Runtime/OpenXR/Content/Devices/MicrosoftMixedReality/BaseTexture.uasset" 428
"../../../Engine/Plugins/Runtime/OpenXR/Content/Devices/MicrosoftMixedReality/BaseTexture.uexp" 429
"../../../Engine/Plugins/Runtime/OpenXR/Content/Devices/MicrosoftMixedReality/BaseTexture.ubulk" 430
"../../../Engine/Plugins/Runtime/OpenXR/Content/Devices/MicrosoftMixedReality/MI_MicrosoftMixedReality.uasset" 431
"../../../Engine/Plugins/Runtime/OpenXR/Content/Devices/MicrosoftMixedReality/MI_MicrosoftMixedReality.uexp" 432
"../../../Engine/Plugins/Runtime/OpenXR/Content/Devices/MicrosoftMixedReality/Left/left_MicrosoftMixedRealityController.uasset" 433
"../../../Engine/Plugins/Runtime/OpenXR/Content/Devices/MicrosoftMixedReality/Left/left_MicrosoftMixedRealityController.uexp" 434
"../../../Engine/Plugins/Runtime/OpenXR/Content/Devices/MicrosoftMixedReality/Right/right_MicrosoftMixedRealityController.uasset" 435
"../../../Engine/Plugins/Runtime/OpenXR/Content/Devices/MicrosoftMixedReality/Right/right_MicrosoftMixedRealityController.uexp" 436
"../../../Engine/Plugins/Runtime/OpenXR/Content/Devices/OculusGo/BaseTexture.uasset" 437
"../../../Engine/Plugins/Runtime/OpenXR/Content/Devices/OculusGo/BaseTexture.uexp" 438
"../../../Engine/Plugins/Runtime/OpenXR/Content/Devices/OculusGo/BaseTexture.ubulk" 439
"../../../Engine/Plugins/Runtime/OpenXR/Content/Devices/OculusGo/MI_OculusGo.uasset" 440
"../../../Engine/Plugins/Runtime/OpenXR/Content/Devices/OculusGo/MI_OculusGo.uexp" 441
"../../../Engine/Plugins/Runtime/OpenXR/Content/Devices/OculusGo/OculusGoController.uasset" 442
"../../../Engine/Plugins/Runtime/OpenXR/Content/Devices/OculusGo/OculusGoController.uexp" 443
"../../../Engine/Plugins/Runtime/OpenXR/Content/Devices/OculusTouch/MRTexture.uasset" 444
"../../../Engine/Plugins/Runtime/OpenXR/Content/Devices/OculusTouch/MRTexture.uexp" 445
"../../../Engine/Plugins/Runtime/OpenXR/Content/Devices/OculusTouch/MRTexture.ubulk" 446
"../../../Engine/Plugins/Runtime/OpenXR/Content/Devices/OculusTouch/BaseTexture.uasset" 447
"../../../Engine/Plugins/Runtime/OpenXR/Content/Devices/OculusTouch/BaseTexture.uexp" 448
"../../../Engine/Plugins/Runtime/OpenXR/Content/Devices/OculusTouch/BaseTexture.ubulk" 449
"../../../Engine/Plugins/Runtime/OpenXR/Content/Devices/OculusTouch/MI_OculusTouch.uasset" 450
"../../../Engine/Plugins/Runtime/OpenXR/Content/Devices/OculusTouch/MI_OculusTouch.uexp" 451
"../../../Engine/Plugins/Runtime/OpenXR/Content/Devices/OculusTouch/Left/left_OculusTouchController.uasset" 452
"../../../Engine/Plugins/Runtime/OpenXR/Content/Devices/OculusTouch/Left/left_OculusTouchController.uexp" 453
"../../../Engine/Plugins/Runtime/OpenXR/Content/Devices/OculusTouch/Right/right_OculusTouchController.uasset" 454
"../../../Engine/Plugins/Runtime/OpenXR/Content/Devices/OculusTouch/Right/right_OculusTouchController.uexp" 455
"../../../Engine/Plugins/Runtime/OpenXR/Content/Devices/OculusTouch_v2/MRTexture.uasset" 456
"../../../Engine/Plugins/Runtime/OpenXR/Content/Devices/OculusTouch_v2/MRTexture.uexp" 457
"../../../Engine/Plugins/Runtime/OpenXR/Content/Devices/OculusTouch_v2/MRTexture.ubulk" 458
"../../../Engine/Plugins/Runtime/OpenXR/Content/Devices/OculusTouch_v2/BaseTexture.uasset" 459
"../../../Engine/Plugins/Runtime/OpenXR/Content/Devices/OculusTouch_v2/BaseTexture.uexp" 460
"../../../Engine/Plugins/Runtime/OpenXR/Content/Devices/OculusTouch_v2/BaseTexture.ubulk" 461
"../../../Engine/Plugins/Runtime/OpenXR/Content/Devices/OculusTouch_v2/MI_OculusTouch_v2.uasset" 462
"../../../Engine/Plugins/Runtime/OpenXR/Content/Devices/OculusTouch_v2/MI_OculusTouch_v2.uexp" 463
"../../../Engine/Plugins/Runtime/OpenXR/Content/Devices/OculusTouch_v2/Left/left_OculusTouch_v2Controller.uasset" 464
"../../../Engine/Plugins/Runtime/OpenXR/Content/Devices/OculusTouch_v2/Left/left_OculusTouch_v2Controller.uexp" 465
"../../../Engine/Plugins/Runtime/OpenXR/Content/Devices/OculusTouch_v2/Right/right_OculusTouch_v2Controller.uasset" 466
"../../../Engine/Plugins/Runtime/OpenXR/Content/Devices/OculusTouch_v2/Right/right_OculusTouch_v2Controller.uexp" 467
"../../../Engine/Plugins/Runtime/OpenXR/Content/Devices/OculusTouch_v3/MRTexture.uasset" 468
"../../../Engine/Plugins/Runtime/OpenXR/Content/Devices/OculusTouch_v3/MRTexture.uexp" 469
"../../../Engine/Plugins/Runtime/OpenXR/Content/Devices/OculusTouch_v3/MRTexture.ubulk" 470
"../../../Engine/Plugins/Runtime/OpenXR/Content/Devices/OculusTouch_v3/BaseTexture.uasset" 471
"../../../Engine/Plugins/Runtime/OpenXR/Content/Devices/OculusTouch_v3/BaseTexture.uexp" 472
"../../../Engine/Plugins/Runtime/OpenXR/Content/Devices/OculusTouch_v3/BaseTexture.ubulk" 473
"../../../Engine/Plugins/Runtime/OpenXR/Content/Devices/OculusTouch_v3/MI_OculusTouch_v3.uasset" 474
"../../../Engine/Plugins/Runtime/OpenXR/Content/Devices/OculusTouch_v3/MI_OculusTouch_v3.uexp" 475
"../../../Engine/Plugins/Runtime/OpenXR/Content/Devices/OculusTouch_v3/Left/left_OculusTouch_v3Controller.uasset" 476
"../../../Engine/Plugins/Runtime/OpenXR/Content/Devices/OculusTouch_v3/Left/left_OculusTouch_v3Controller.uexp" 477
"../../../Engine/Plugins/Runtime/OpenXR/Content/Devices/OculusTouch_v3/Right/right_OculusTouch_v3Controller.uasset" 478
"../../../Engine/Plugins/Runtime/OpenXR/Content/Devices/OculusTouch_v3/Right/right_OculusTouch_v3Controller.uexp" 479
"../../../Engine/Plugins/Runtime/OpenXR/Content/Devices/ValveIndex/Left/left_MRTexture.uasset" 480
"../../../Engine/Plugins/Runtime/OpenXR/Content/Devices/ValveIndex/Left/left_MRTexture.uexp" 481
"../../../Engine/Plugins/Runtime/OpenXR/Content/Devices/ValveIndex/Left/left_MRTexture.ubulk" 482
"../../../Engine/Plugins/Runtime/OpenXR/Content/Devices/ValveIndex/Left/left_BaseTexture.uasset" 483
"../../../Engine/Plugins/Runtime/OpenXR/Content/Devices/ValveIndex/Left/left_BaseTexture.uexp" 484
"../../../Engine/Plugins/Runtime/OpenXR/Content/Devices/ValveIndex/Left/left_BaseTexture.ubulk" 485
"../../../Engine/Plugins/Runtime/OpenXR/Content/Devices/ValveIndex/Left/MI_left_ValveIndex.uasset" 486
"../../../Engine/Plugins/Runtime/OpenXR/Content/Devices/ValveIndex/Left/MI_left_ValveIndex.uexp" 487
"../../../Engine/Plugins/Runtime/OpenXR/Content/Devices/ValveIndex/Left/left_ValveIndexController.uasset" 488
"../../../Engine/Plugins/Runtime/OpenXR/Content/Devices/ValveIndex/Left/left_ValveIndexController.uexp" 489
"../../../Engine/Plugins/Runtime/OpenXR/Content/Devices/ValveIndex/Right/right_MRTexture.uasset" 490
"../../../Engine/Plugins/Runtime/OpenXR/Content/Devices/ValveIndex/Right/right_MRTexture.uexp" 491
"../../../Engine/Plugins/Runtime/OpenXR/Content/Devices/ValveIndex/Right/right_MRTexture.ubulk" 492
"../../../Engine/Plugins/Runtime/OpenXR/Content/Devices/ValveIndex/Right/right_BaseTexture.uasset" 493
"../../../Engine/Plugins/Runtime/OpenXR/Content/Devices/ValveIndex/Right/right_BaseTexture.uexp" 494
"../../../Engine/Plugins/Runtime/OpenXR/Content/Devices/ValveIndex/Right/right_BaseTexture.ubulk" 495
"../../../Engine/Plugins/Runtime/OpenXR/Content/Devices/ValveIndex/Right/MI_right_ValveIndex.uasset" 496
"../../../Engine/Plugins/Runtime/OpenXR/Content/Devices/ValveIndex/Right/MI_right_ValveIndex.uexp" 497
"../../../Engine/Plugins/Runtime/OpenXR/Content/Devices/ValveIndex/Right/right_ValveIndexController.uasset" 498
"../../../Engine/Plugins/Runtime/OpenXR/Content/Devices/ValveIndex/Right/right_ValveIndexController.uexp" 499
"../../../Engine/Content/BasicShapes/Cylinder.uasset" 500
"../../../Engine/Content/BasicShapes/Cylinder.uexp" 501
"../../../Engine/Content/ArtTools/RenderToTexture/Materials/Debug/M_Emissive_Color.uasset" 502
"../../../Engine/Content/ArtTools/RenderToTexture/Materials/Debug/M_Emissive_Color.uexp" 503
"../../../Engine/Plugins/Lumin/MagicLeapPassableWorld/Content/MagicLeapARPinInfoActor.uasset" 504
"../../../Engine/Plugins/Lumin/MagicLeapPassableWorld/Content/MagicLeapARPinInfoActor.uexp" 505
"../../../Engine/Content/Functions/Engine_MaterialFunctions02/Utility/BreakOutFloat4Components.uasset" 506
"../../../Engine/Content/Functions/Engine_MaterialFunctions02/Utility/BreakOutFloat4Components.uexp" 507
"../../../Engine/Content/Functions/Engine_MaterialFunctions02/Utility/MakeFloat3.uasset" 508
"../../../Engine/Content/Functions/Engine_MaterialFunctions02/Utility/MakeFloat3.uexp" 509
"../../../Engine/Plugins/Runtime/Oculus/OculusVR/Content/Materials/OculusMR_ChromaKey.uasset" 510
"../../../Engine/Plugins/Runtime/Oculus/OculusVR/Content/Materials/OculusMR_ChromaKey.uexp" 511
"../../../Engine/Plugins/Runtime/Oculus/OculusVR/Content/Materials/OculusMR_OpaqueColoredMaterial.uasset" 512
"../../../Engine/Plugins/Runtime/Oculus/OculusVR/Content/Materials/OculusMR_OpaqueColoredMaterial.uexp" 513
"../../../Engine/Plugins/Runtime/Oculus/OculusVR/Content/Materials/PokeAHoleMaterial.uasset" 514
"../../../Engine/Plugins/Runtime/Oculus/OculusVR/Content/Materials/PokeAHoleMaterial.uexp" 515
"../../../Engine/Plugins/Runtime/Oculus/OculusVR/Content/Textures/touchController_controlmap.uasset" 516
"../../../Engine/Plugins/Runtime/Oculus/OculusVR/Content/Textures/touchController_controlmap.uexp" 517
"../../../Engine/Plugins/Runtime/Oculus/OculusVR/Content/Textures/touchController_controlmap.ubulk" 518
"../../../Engine/Plugins/Runtime/Oculus/OculusVR/Content/Textures/touchController_albedo.uasset" 519
"../../../Engine/Plugins/Runtime/Oculus/OculusVR/Content/Textures/touchController_albedo.uexp" 520
"../../../Engine/Plugins/Runtime/Oculus/OculusVR/Content/Textures/touchController_albedo.ubulk" 521
"../../../Engine/Plugins/Runtime/Oculus/OculusVR/Content/Materials/touchController_mat.uasset" 522
"../../../Engine/Plugins/Runtime/Oculus/OculusVR/Content/Materials/touchController_mat.uexp" 523
"../../../Engine/Plugins/Runtime/Oculus/OculusVR/Content/Meshes/LeftTouchController.uasset" 524
"../../../Engine/Plugins/Runtime/Oculus/OculusVR/Content/Meshes/LeftTouchController.uexp" 525
"../../../Engine/Plugins/Runtime/Oculus/OculusVR/Content/Textures/TouchForQuestRiftSController_albedo.uasset" 526
"../../../Engine/Plugins/Runtime/Oculus/OculusVR/Content/Textures/TouchForQuestRiftSController_albedo.uexp" 527
"../../../Engine/Plugins/Runtime/Oculus/OculusVR/Content/Textures/TouchForQuestRiftSController_albedo.ubulk" 528
"../../../Engine/Plugins/Runtime/Oculus/OculusVR/Content/Materials/TouchForQuestRiftSControllerMaterial.uasset" 529
"../../../Engine/Plugins/Runtime/Oculus/OculusVR/Content/Materials/TouchForQuestRiftSControllerMaterial.uexp" 530
"../../../Engine/Plugins/Runtime/Oculus/OculusVR/Content/Meshes/LeftTouchForQuestRiftSController.uasset" 531
"../../../Engine/Plugins/Runtime/Oculus/OculusVR/Content/Meshes/LeftTouchForQuestRiftSController.uexp" 532
"../../../Engine/Plugins/Runtime/Oculus/OculusVR/Content/Meshes/RiftHMD.uasset" 533
"../../../Engine/Plugins/Runtime/Oculus/OculusVR/Content/Meshes/RiftHMD.uexp" 534
"../../../Engine/Plugins/Runtime/Oculus/OculusVR/Content/Meshes/RightTouchController.uasset" 535
"../../../Engine/Plugins/Runtime/Oculus/OculusVR/Content/Meshes/RightTouchController.uexp" 536
"../../../Engine/Plugins/Runtime/Oculus/OculusVR/Content/Meshes/RightTouchForQuestRiftSController.uasset" 537
"../../../Engine/Plugins/Runtime/Oculus/OculusVR/Content/Meshes/RightTouchForQuestRiftSController.uexp" 538
"Q:/unreal/InTheDark/Content/Road/vh1lbhqs_2K_Roughness.uasset" 539
"Q:/unreal/InTheDark/Content/Road/vh1lbhqs_2K_Roughness.uexp" 540
"Q:/unreal/InTheDark/Content/Road/vh1lbhqs_2K_Roughness.ubulk" 541
"Q:/unreal/InTheDark/Content/Road/vh1lbhqs_2K_Normal.uasset" 542
"Q:/unreal/InTheDark/Content/Road/vh1lbhqs_2K_Normal.uexp" 543
"Q:/unreal/InTheDark/Content/Road/vh1lbhqs_2K_Normal.ubulk" 544
"Q:/unreal/InTheDark/Content/Road/vh1lbhqs_2K_Albedo.uasset" 545
"Q:/unreal/InTheDark/Content/Road/vh1lbhqs_2K_Albedo.uexp" 546
"Q:/unreal/InTheDark/Content/Road/vh1lbhqs_2K_Albedo.ubulk" 547
"Q:/unreal/InTheDark/Content/Road/M_Asphalt.uasset" 548
"Q:/unreal/InTheDark/Content/Road/M_Asphalt.uexp" 549
"Q:/unreal/InTheDark/Content/Road/RoadMesh.uasset" 550
"Q:/unreal/InTheDark/Content/Road/RoadMesh.uexp" 551
"Q:/unreal/InTheDark/Content/Road/BP_SplineMesh.uasset" 552
"Q:/unreal/InTheDark/Content/Road/BP_SplineMesh.uexp" 553
"Q:/unreal/InTheDark/Content/BP_PostProcess.uasset" 554
"Q:/unreal/InTheDark/Content/BP_PostProcess.uexp" 555
"Q:/unreal/InTheDark/Content/VehicleVarietyPack/Blueprints/SportsCar/MovementComp_ExternalCurveNormal.uasset" 556
"Q:/unreal/InTheDark/Content/VehicleVarietyPack/Blueprints/SportsCar/MovementComp_ExternalCurveNormal.uexp" 557
"Q:/unreal/InTheDark/Content/VehicleVarietyPack/Skeletons/SK_SportsCar_PhysicsAsset.uasset" 558
"Q:/unreal/InTheDark/Content/VehicleVarietyPack/Skeletons/SK_SportsCar_PhysicsAsset.uexp" 559
"Q:/unreal/InTheDark/Content/VehicleVarietyPack/Textures/SportsCar/TX_SportsCar_Underside_ORM.uasset" 560
"Q:/unreal/InTheDark/Content/VehicleVarietyPack/Textures/SportsCar/TX_SportsCar_Underside_ORM.uexp" 561
"Q:/unreal/InTheDark/Content/VehicleVarietyPack/Textures/SportsCar/TX_SportsCar_Underside_ORM.ubulk" 562
"Q:/unreal/InTheDark/Content/VehicleVarietyPack/Textures/SportsCar/TX_SportsCar_Underside_Normal.uasset" 563
"Q:/unreal/InTheDark/Content/VehicleVarietyPack/Textures/SportsCar/TX_SportsCar_Underside_Normal.uexp" 564
"Q:/unreal/InTheDark/Content/VehicleVarietyPack/Textures/SportsCar/TX_SportsCar_Underside_Normal.ubulk" 565
"Q:/unreal/InTheDark/Content/VehicleVarietyPack/Textures/SportsCar/TX_SportsCar_Underside_Diffuse.uasset" 566
"Q:/unreal/InTheDark/Content/VehicleVarietyPack/Textures/SportsCar/TX_SportsCar_Underside_Diffuse.uexp" 567
"Q:/unreal/InTheDark/Content/VehicleVarietyPack/Textures/SportsCar/TX_SportsCar_Underside_Diffuse.ubulk" 568
"Q:/unreal/InTheDark/Content/VehicleVarietyPack/Materials/SportsCar/M_SportsCar_Under.uasset" 569
"Q:/unreal/InTheDark/Content/VehicleVarietyPack/Materials/SportsCar/M_SportsCar_Under.uexp" 570
"Q:/unreal/InTheDark/Content/VehicleVarietyPack/Textures/SportsCar/TX_SportsCar_Interior_ORM.uasset" 571
"Q:/unreal/InTheDark/Content/VehicleVarietyPack/Textures/SportsCar/TX_SportsCar_Interior_ORM.uexp" 572
"Q:/unreal/InTheDark/Content/VehicleVarietyPack/Textures/SportsCar/TX_SportsCar_Interior_ORM.ubulk" 573
"Q:/unreal/InTheDark/Content/VehicleVarietyPack/Textures/SportsCar/TX_SportsCar_Interior_Normal.uasset" 574
"Q:/unreal/InTheDark/Content/VehicleVarietyPack/Textures/SportsCar/TX_SportsCar_Interior_Normal.uexp" 575
"Q:/unreal/InTheDark/Content/VehicleVarietyPack/Textures/SportsCar/TX_SportsCar_Interior_Normal.ubulk" 576
"Q:/unreal/InTheDark/Content/VehicleVarietyPack/Textures/SportsCar/TX_SportsCar_Interior_Diffuse.uasset" 577
"Q:/unreal/InTheDark/Content/VehicleVarietyPack/Textures/SportsCar/TX_SportsCar_Interior_Diffuse.uexp" 578
"Q:/unreal/InTheDark/Content/VehicleVarietyPack/Textures/SportsCar/TX_SportsCar_Interior_Diffuse.ubulk" 579
"Q:/unreal/InTheDark/Content/VehicleVarietyPack/Materials/SportsCar/M_SportsCar_Interior.uasset" 580
"Q:/unreal/InTheDark/Content/VehicleVarietyPack/Materials/SportsCar/M_SportsCar_Interior.uexp" 581
"Q:/unreal/InTheDark/Content/VehicleVarietyPack/Textures/SportsCar/TX_SportsCar_Exterior_ORM.uasset" 582
"Q:/unreal/InTheDark/Content/VehicleVarietyPack/Textures/SportsCar/TX_SportsCar_Exterior_ORM.uexp" 583
"Q:/unreal/InTheDark/Content/VehicleVarietyPack/Textures/SportsCar/TX_SportsCar_Exterior_ORM.ubulk" 584
"Q:/unreal/InTheDark/Content/VehicleVarietyPack/Textures/SportsCar/TX_SportsCar_Exterior_Normal.uasset" 585
"Q:/unreal/InTheDark/Content/VehicleVarietyPack/Textures/SportsCar/TX_SportsCar_Exterior_Normal.uexp" 586
"Q:/unreal/InTheDark/Content/VehicleVarietyPack/Textures/SportsCar/TX_SportsCar_Exterior_Normal.ubulk" 587
"Q:/unreal/InTheDark/Content/VehicleVarietyPack/Textures/SportsCar/TX_Sportscar_Exterior_Emissive.uasset" 588
"Q:/unreal/InTheDark/Content/VehicleVarietyPack/Textures/SportsCar/TX_Sportscar_Exterior_Emissive.uexp" 589
"Q:/unreal/InTheDark/Content/VehicleVarietyPack/Textures/SportsCar/TX_Sportscar_Exterior_Emissive.ubulk" 590
"Q:/unreal/InTheDark/Content/VehicleVarietyPack/Textures/SportsCar/TX_SportsCar_Exterior_Diffuse.uasset" 591
"Q:/unreal/InTheDark/Content/VehicleVarietyPack/Textures/SportsCar/TX_SportsCar_Exterior_Diffuse.uexp" 592
"Q:/unreal/InTheDark/Content/VehicleVarietyPack/Textures/SportsCar/TX_SportsCar_Exterior_Diffuse.ubulk" 593
"Q:/unreal/InTheDark/Content/VehicleVarietyPack/Materials/SportsCar/M_SportsCar_Body.uasset" 594
"Q:/unreal/InTheDark/Content/VehicleVarietyPack/Materials/SportsCar/M_SportsCar_Body.uexp" 595
"Q:/unreal/InTheDark/Content/VehicleVarietyPack/Textures/Pickup/TX_Pickup_ORM.uasset" 596
"Q:/unreal/InTheDark/Content/VehicleVarietyPack/Textures/Pickup/TX_Pickup_ORM.uexp" 597
"Q:/unreal/InTheDark/Content/VehicleVarietyPack/Textures/Pickup/TX_Pickup_ORM.ubulk" 598
"Q:/unreal/InTheDark/Content/VehicleVarietyPack/Textures/Pickup/TX_Pickup_OPC_2.uasset" 599
"Q:/unreal/InTheDark/Content/VehicleVarietyPack/Textures/Pickup/TX_Pickup_OPC_2.uexp" 600
"Q:/unreal/InTheDark/Content/VehicleVarietyPack/Textures/Pickup/TX_Pickup_OPC_2.ubulk" 601
"Q:/unreal/InTheDark/Content/VehicleVarietyPack/Textures/Pickup/TX_Pickup_Normal_2.uasset" 602
"Q:/unreal/InTheDark/Content/VehicleVarietyPack/Textures/Pickup/TX_Pickup_Normal_2.uexp" 603
"Q:/unreal/InTheDark/Content/VehicleVarietyPack/Textures/Pickup/TX_Pickup_Normal_2.ubulk" 604
"Q:/unreal/InTheDark/Content/VehicleVarietyPack/Textures/Pickup/TX_Pickup_Diffuse_2.uasset" 605
"Q:/unreal/InTheDark/Content/VehicleVarietyPack/Textures/Pickup/TX_Pickup_Diffuse_2.uexp" 606
"Q:/unreal/InTheDark/Content/VehicleVarietyPack/Textures/Pickup/TX_Pickup_Diffuse_2.ubulk" 607
"Q:/unreal/InTheDark/Content/VehicleVarietyPack/Materials/Masters/M_Glass.uasset" 608
"Q:/unreal/InTheDark/Content/VehicleVarietyPack/Materials/Masters/M_Glass.uexp" 609
"Q:/unreal/InTheDark/Content/VehicleVarietyPack/Textures/SportsCar/TX_SportsCar_Glass_ORM.uasset" 610
"Q:/unreal/InTheDark/Content/VehicleVarietyPack/Textures/SportsCar/TX_SportsCar_Glass_ORM.uexp" 611
"Q:/unreal/InTheDark/Content/VehicleVarietyPack/Textures/SportsCar/TX_SportsCar_Glass_ORM.ubulk" 612
"Q:/unreal/InTheDark/Content/VehicleVarietyPack/Textures/SportsCar/TX_SportsCar_Glass_Normal.uasset" 613
"Q:/unreal/InTheDark/Content/VehicleVarietyPack/Textures/SportsCar/TX_SportsCar_Glass_Normal.uexp" 614
"Q:/unreal/InTheDark/Content/VehicleVarietyPack/Textures/SportsCar/TX_SportsCar_Glass_Normal.ubulk" 615
"Q:/unreal/InTheDark/Content/VehicleVarietyPack/Textures/SportsCar/TX_SportsCar_Glass_Diffuse.uasset" 616
"Q:/unreal/InTheDark/Content/VehicleVarietyPack/Textures/SportsCar/TX_SportsCar_Glass_Diffuse.uexp" 617
"Q:/unreal/InTheDark/Content/VehicleVarietyPack/Textures/SportsCar/TX_SportsCar_Glass_Diffuse.ubulk" 618
"Q:/unreal/InTheDark/Content/VehicleVarietyPack/Materials/SportsCar/Mi_Glass_SportsCar.uasset" 619
"Q:/unreal/InTheDark/Content/VehicleVarietyPack/Materials/SportsCar/Mi_Glass_SportsCar.uexp" 620
"Q:/unreal/InTheDark/Content/VehicleVarietyPack/Skeletons/SK_Vehicle_Skeleton.uasset" 621
"Q:/unreal/InTheDark/Content/VehicleVarietyPack/Skeletons/SK_Vehicle_Skeleton.uexp" 622
"Q:/unreal/InTheDark/Content/VehicleVarietyPack/Skeletons/SK_SportsCar.uasset" 623
"Q:/unreal/InTheDark/Content/VehicleVarietyPack/Skeletons/SK_SportsCar.uexp" 624
"Q:/unreal/InTheDark/Content/VehicleVarietyPack/Blueprints/SUV/AB_SUV.uasset" 625
"Q:/unreal/InTheDark/Content/VehicleVarietyPack/Blueprints/SUV/AB_SUV.uexp" 626
"Q:/unreal/InTheDark/Content/VehicleVarietyPack/Blueprints/SportsCar/DA_SC_TireConfig.uasset" 627
"Q:/unreal/InTheDark/Content/VehicleVarietyPack/Blueprints/SportsCar/DA_SC_TireConfig.uexp" 628
"Q:/unreal/InTheDark/Content/VehicleVarietyPack/Blueprints/SportsCar/BP_SC_Wheel_Rear.uasset" 629
"Q:/unreal/InTheDark/Content/VehicleVarietyPack/Blueprints/SportsCar/BP_SC_Wheel_Rear.uexp" 630
"Q:/unreal/InTheDark/Content/VehicleVarietyPack/Blueprints/SportsCar/BP_SC_Wheel_Front.uasset" 631
"Q:/unreal/InTheDark/Content/VehicleVarietyPack/Blueprints/SportsCar/BP_SC_Wheel_Front.uexp" 632
"Q:/unreal/InTheDark/Content/Sounds/vehicle_sounds/medium_speed_improved.uasset" 633
"Q:/unreal/InTheDark/Content/Sounds/vehicle_sounds/medium_speed_improved.uexp" 634
"Q:/unreal/InTheDark/Content/Sounds/vehicle_sounds/low_speed_improved.uasset" 635
"Q:/unreal/InTheDark/Content/Sounds/vehicle_sounds/low_speed_improved.uexp" 636
"Q:/unreal/InTheDark/Content/Sounds/vehicle_sounds/idle_engine_improved.uasset" 637
"Q:/unreal/InTheDark/Content/Sounds/vehicle_sounds/idle_engine_improved.uexp" 638
"Q:/unreal/InTheDark/Content/Sounds/vehicle_sounds/high_speed_improved.uasset" 639
"Q:/unreal/InTheDark/Content/Sounds/vehicle_sounds/high_speed_improved.uexp" 640
"Q:/unreal/InTheDark/Content/Sounds/vehicle_sounds/engine_sound.uasset" 641
"Q:/unreal/InTheDark/Content/Sounds/vehicle_sounds/engine_sound.uexp" 642
"Q:/unreal/InTheDark/Content/Sounds/vehicle_sounds/drift_sound2.uasset" 643
"Q:/unreal/InTheDark/Content/Sounds/vehicle_sounds/drift_sound2.uexp" 644
"Q:/unreal/InTheDark/Content/Sounds/vehicle_sounds/drift_sound2_Cue.uasset" 645
"Q:/unreal/InTheDark/Content/Sounds/vehicle_sounds/drift_sound2_Cue.uexp" 646
"Q:/unreal/InTheDark/Content/VehicleBP/BP_PlayerController.uasset" 647
"Q:/unreal/InTheDark/Content/VehicleBP/BP_PlayerController.uexp" 648
"Q:/unreal/InTheDark/Content/Sounds/music/eurobeat_game.uasset" 649
"Q:/unreal/InTheDark/Content/Sounds/music/eurobeat_game.uexp" 650
"Q:/unreal/InTheDark/Content/Sounds/music/eurobeat_game_Cue.uasset" 651
"Q:/unreal/InTheDark/Content/Sounds/music/eurobeat_game_Cue.uexp" 652
"Q:/unreal/InTheDark/Content/VehicleBP/BP_GameInstance.uasset" 653
"Q:/unreal/InTheDark/Content/VehicleBP/BP_GameInstance.uexp" 654
"Q:/unreal/InTheDark/Content/HUD/Fonts/DinKursivschriftBreitGhost-Ve4V.uasset" 655
"Q:/unreal/InTheDark/Content/HUD/Fonts/DinKursivschriftBreitGhost-Ve4V.uexp" 656
"Q:/unreal/InTheDark/Content/HUD/Fonts/DinKursivschriftBreitGhost-Ve4V.ufont" 657
"Q:/unreal/InTheDark/Content/HUD/Fonts/DinKursivschriftBreitGhost-Ve4V_Font.uasset" 658
"Q:/unreal/InTheDark/Content/HUD/Fonts/DinKursivschriftBreitGhost-Ve4V_Font.uexp" 659
"Q:/unreal/InTheDark/Content/HUD/W_Complete.uasset" 660
"Q:/unreal/InTheDark/Content/HUD/W_Complete.uexp" 661
"Q:/unreal/InTheDark/Content/Sounds/UI_sounds/countdown_long.uasset" 662
"Q:/unreal/InTheDark/Content/Sounds/UI_sounds/countdown_long.uexp" 663
"Q:/unreal/InTheDark/Content/Sounds/UI_sounds/countdown_long_Cue.uasset" 664
"Q:/unreal/InTheDark/Content/Sounds/UI_sounds/countdown_long_Cue.uexp" 665
"Q:/unreal/InTheDark/Content/Sounds/UI_sounds/countdown_short.uasset" 666
"Q:/unreal/InTheDark/Content/Sounds/UI_sounds/countdown_short.uexp" 667
"Q:/unreal/InTheDark/Content/HUD/W_HUD.uasset" 668
"Q:/unreal/InTheDark/Content/HUD/W_HUD.uexp" 669
"Q:/unreal/InTheDark/Content/HUD/W_Pause.uasset" 670
"Q:/unreal/InTheDark/Content/HUD/W_Pause.uexp" 671
"Q:/unreal/InTheDark/Content/VehicleBP/BP_GameMode.uasset" 672
"Q:/unreal/InTheDark/Content/VehicleBP/BP_GameMode.uexp" 673
"../../../Engine/Plugins/FX/Niagara/Content/Enums/Ribbons/ENiagara_UnsetDirectSetRandom.uasset" 674
"../../../Engine/Plugins/FX/Niagara/Content/Enums/Ribbons/ENiagara_UnsetDirectSetRandom.uexp" 675
"../../../Engine/Plugins/FX/Niagara/Content/Enums/ENiagaraSystemInactiveMode.uasset" 676
"../../../Engine/Plugins/FX/Niagara/Content/Enums/ENiagaraSystemInactiveMode.uexp" 677
"../../../Engine/Plugins/FX/Niagara/Content/Enums/ENiagaraSphereDistributionMode.uasset" 678
"../../../Engine/Plugins/FX/Niagara/Content/Enums/ENiagaraSphereDistributionMode.uexp" 679
"../../../Engine/Plugins/FX/Niagara/Content/Enums/ENiagaraScaleColorMode.uasset" 680
"../../../Engine/Plugins/FX/Niagara/Content/Enums/ENiagaraScaleColorMode.uexp" 681
"../../../Engine/Plugins/FX/Niagara/Content/Enums/ENiagaraRandomnessMode.uasset" 682
"../../../Engine/Plugins/FX/Niagara/Content/Enums/ENiagaraRandomnessMode.uexp" 683
"../../../Engine/Plugins/FX/Niagara/Content/Enums/ENiagaraRandomnessEvaluation.uasset" 684
"../../../Engine/Plugins/FX/Niagara/Content/Enums/ENiagaraRandomnessEvaluation.uexp" 685
"../../../Engine/Plugins/FX/Niagara/Content/Enums/ENiagaraInactiveMode.uasset" 686
"../../../Engine/Plugins/FX/Niagara/Content/Enums/ENiagaraInactiveMode.uexp" 687
"../../../Engine/Plugins/FX/Niagara/Content/Enums/ENiagaraExpansionMode.uasset" 688
"../../../Engine/Plugins/FX/Niagara/Content/Enums/ENiagaraExpansionMode.uexp" 689
"../../../Engine/Plugins/FX/Niagara/Content/Enums/ENiagaraEmitterScalabilityMode_Limited.uasset" 690
"../../../Engine/Plugins/FX/Niagara/Content/Enums/ENiagaraEmitterScalabilityMode_Limited.uexp" 691
"../../../Engine/Plugins/FX/Niagara/Content/Enums/ENiagaraEmitterLifeCycleMode.uasset" 692
"../../../Engine/Plugins/FX/Niagara/Content/Enums/ENiagaraEmitterLifeCycleMode.uexp" 693
"../../../Engine/Plugins/FX/Niagara/Content/Enums/ENiagaraChannelCorrelation.uasset" 694
"../../../Engine/Plugins/FX/Niagara/Content/Enums/ENiagaraChannelCorrelation.uexp" 695
"../../../Engine/Plugins/FX/Niagara/Content/Enums/ENiagara_UVFlippingMode.uasset" 696
"../../../Engine/Plugins/FX/Niagara/Content/Enums/ENiagara_UVFlippingMode.uexp" 697
"../../../Engine/Plugins/FX/Niagara/Content/Enums/ENiagara_SpriteRotationMode.uasset" 698
"../../../Engine/Plugins/FX/Niagara/Content/Enums/ENiagara_SpriteRotationMode.uexp" 699
"../../../Engine/Content/Functions/Engine_MaterialFunctions01/Density/ExponentialDensity.uasset" 700
"../../../Engine/Content/Functions/Engine_MaterialFunctions01/Density/ExponentialDensity.uexp" 701
"../../../Engine/Content/Functions/Engine_MaterialFunctions01/Gradient/RadialGradientExponential.uasset" 702
"../../../Engine/Content/Functions/Engine_MaterialFunctions01/Gradient/RadialGradientExponential.uexp" 703
"Q:/unreal/InTheDark/Content/Rain/M_Rain.uasset" 704
"Q:/unreal/InTheDark/Content/Rain/M_Rain.uexp" 705
"../../../Engine/Plugins/FX/Niagara/Content/Functions/V2/CalculateRandomRangeFloat.uasset" 706
"../../../Engine/Plugins/FX/Niagara/Content/Functions/V2/CalculateRandomRangeFloat.uexp" 707
"../../../Engine/Plugins/FX/Niagara/Content/DynamicInputs/UniformRange/V2/RandomRangeFloat.uasset" 708
"../../../Engine/Plugins/FX/Niagara/Content/DynamicInputs/UniformRange/V2/RandomRangeFloat.uexp" 709
"../../../Engine/Plugins/FX/Niagara/Content/Enums/ENiagara_SizeScaleMode.uasset" 710
"../../../Engine/Plugins/FX/Niagara/Content/Enums/ENiagara_SizeScaleMode.uexp" 711
"../../../Engine/Plugins/FX/Niagara/Content/DynamicInputs/ValueFromCurve/FloatFromCurve.uasset" 712
"../../../Engine/Plugins/FX/Niagara/Content/DynamicInputs/ValueFromCurve/FloatFromCurve.uexp" 713
"../../../Engine/Plugins/FX/Niagara/Content/Enums/ENiagara_EmitterStateOptions.uasset" 714
"../../../Engine/Plugins/FX/Niagara/Content/Enums/ENiagara_EmitterStateOptions.uexp" 715
"../../../Engine/Plugins/FX/Niagara/Content/Enums/ENiagara_InfiniteLoopDuration.uasset" 716
"../../../Engine/Plugins/FX/Niagara/Content/Enums/ENiagara_InfiniteLoopDuration.uexp" 717
"../../../Engine/Plugins/FX/Niagara/Content/Functions/Emitter/EmitterChangeState.uasset" 718
"../../../Engine/Plugins/FX/Niagara/Content/Functions/Emitter/EmitterChangeState.uexp" 719
"../../../Engine/Plugins/FX/Niagara/Content/Enums/ENiagaraExecutionStateManagement.uasset" 720
"../../../Engine/Plugins/FX/Niagara/Content/Enums/ENiagaraExecutionStateManagement.uexp" 721
"../../../Engine/Plugins/FX/Niagara/Content/Modules/Emitter/EmitterState.uasset" 722
"../../../Engine/Plugins/FX/Niagara/Content/Modules/Emitter/EmitterState.uexp" 723
"../../../Engine/Plugins/FX/Niagara/Content/Functions/GetRandomInfo.uasset" 724
"../../../Engine/Plugins/FX/Niagara/Content/Functions/GetRandomInfo.uexp" 725
"../../../Engine/Plugins/FX/Niagara/Content/Functions/RandomRangeFloat.uasset" 726
"../../../Engine/Plugins/FX/Niagara/Content/Functions/RandomRangeFloat.uexp" 727
"../../../Engine/Plugins/FX/Niagara/Content/Modules/Emitter/SpawnRate.uasset" 728
"../../../Engine/Plugins/FX/Niagara/Content/Modules/Emitter/SpawnRate.uexp" 729
"../../../Engine/Plugins/FX/Niagara/Content/Functions/Localspace/SimulationPosition.uasset" 730
"../../../Engine/Plugins/FX/Niagara/Content/Functions/Localspace/SimulationPosition.uexp" 731
"../../../Engine/Plugins/FX/Niagara/Content/Functions/DirectionAndLengthSafe.uasset" 732
"../../../Engine/Plugins/FX/Niagara/Content/Functions/DirectionAndLengthSafe.uexp" 733
"../../../Engine/Plugins/FX/Niagara/Content/Modules/Solvers/SolveForcesAndVelocity.uasset" 734
"../../../Engine/Plugins/FX/Niagara/Content/Modules/Solvers/SolveForcesAndVelocity.uexp" 735
"../../../Engine/Plugins/FX/Niagara/Content/Enums/ENiagara_ColorInitializationMode.uasset" 736
"../../../Engine/Plugins/FX/Niagara/Content/Enums/ENiagara_ColorInitializationMode.uexp" 737
"../../../Engine/Plugins/FX/Niagara/Content/Enums/ENiagara_PositionInitializationMode.uasset" 738
"../../../Engine/Plugins/FX/Niagara/Content/Enums/ENiagara_PositionInitializationMode.uexp" 739
"../../../Engine/Plugins/FX/Niagara/Content/Enums/ENiagara_MassInitializationMode.uasset" 740
"../../../Engine/Plugins/FX/Niagara/Content/Enums/ENiagara_MassInitializationMode.uexp" 741
"../../../Engine/Plugins/FX/Niagara/Content/Enums/ENiagara_LifetimeMode.uasset" 742
"../../../Engine/Plugins/FX/Niagara/Content/Enums/ENiagara_LifetimeMode.uexp" 743
"../../../Engine/Plugins/FX/Niagara/Content/Functions/V2/CalculateRandomRangeInteger.uasset" 744
"../../../Engine/Plugins/FX/Niagara/Content/Functions/V2/CalculateRandomRangeInteger.uexp" 745
"../../../Engine/Plugins/FX/Niagara/Content/Functions/V2/CalculateRandomBool.uasset" 746
"../../../Engine/Plugins/FX/Niagara/Content/Functions/V2/CalculateRandomBool.uexp" 747
"../../../Engine/Plugins/FX/Niagara/Content/Functions/Localspace/TransformBase.uasset" 748
"../../../Engine/Plugins/FX/Niagara/Content/Functions/Localspace/TransformBase.uexp" 749
"../../../Engine/Plugins/FX/Niagara/Content/Functions/Localspace/TransformVector.uasset" 750
"../../../Engine/Plugins/FX/Niagara/Content/Functions/Localspace/TransformVector.uexp" 751
"../../../Engine/Plugins/FX/Niagara/Content/Functions/LinearColor/HueShiftLinearColor.uasset" 752
"../../../Engine/Plugins/FX/Niagara/Content/Functions/LinearColor/HueShiftLinearColor.uexp" 753
"../../../Engine/Plugins/FX/Niagara/Content/Functions/V2/CalculateRandomRange.uasset" 754
"../../../Engine/Plugins/FX/Niagara/Content/Functions/V2/CalculateRandomRange.uexp" 755
"../../../Engine/Plugins/FX/Niagara/Content/Modules/Spawn/Initialization/V2/InitializeParticle.uasset" 756
"../../../Engine/Plugins/FX/Niagara/Content/Modules/Spawn/Initialization/V2/InitializeParticle.uexp" 757
"../../../Engine/Plugins/FX/Niagara/Content/Functions/V2/CalculateRandomPointInSphere.uasset" 758
"../../../Engine/Plugins/FX/Niagara/Content/Functions/V2/CalculateRandomPointInSphere.uexp" 759
"../../../Engine/Plugins/FX/Niagara/Content/Functions/SphericalToCartesianCoordinates.uasset" 760
"../../../Engine/Plugins/FX/Niagara/Content/Functions/SphericalToCartesianCoordinates.uexp" 761
"../../../Engine/Plugins/FX/Niagara/Content/Functions/Rotation/MultiplyVectorWithQuaternion.uasset" 762
"../../../Engine/Plugins/FX/Niagara/Content/Functions/Rotation/MultiplyVectorWithQuaternion.uexp" 763
"../../../Engine/Plugins/FX/Niagara/Content/Functions/Rotation/FindQuatBetween.uasset" 764
"../../../Engine/Plugins/FX/Niagara/Content/Functions/Rotation/FindQuatBetween.uexp" 765
"../../../Engine/Plugins/FX/Niagara/Content/Modules/Spawn/Location/V2/SphereLocation.uasset" 766
"../../../Engine/Plugins/FX/Niagara/Content/Modules/Spawn/Location/V2/SphereLocation.uexp" 767
"../../../Engine/Plugins/FX/Niagara/Content/Modules/Spawn/Velocity/AddVelocity.uasset" 768
"../../../Engine/Plugins/FX/Niagara/Content/Modules/Spawn/Velocity/AddVelocity.uexp" 769
"../../../Engine/Plugins/FX/Niagara/Content/Modules/Update/Color/ScaleColor.uasset" 770
"../../../Engine/Plugins/FX/Niagara/Content/Modules/Update/Color/ScaleColor.uexp" 771
"../../../Engine/Plugins/FX/Niagara/Content/Modules/Update/Forces/Drag.uasset" 772
"../../../Engine/Plugins/FX/Niagara/Content/Modules/Update/Forces/Drag.uexp" 773
"../../../Engine/Plugins/FX/Niagara/Content/Modules/Update/Forces/GravityForce.uasset" 774
"../../../Engine/Plugins/FX/Niagara/Content/Modules/Update/Forces/GravityForce.uexp" 775
"../../../Engine/Plugins/FX/Niagara/Content/Modules/Update/Lifetime/ParticleState.uasset" 776
"../../../Engine/Plugins/FX/Niagara/Content/Modules/Update/Lifetime/ParticleState.uexp" 777
"../../../Engine/Plugins/FX/Niagara/Content/Functions/System/SystemChangeState.uasset" 778
"../../../Engine/Plugins/FX/Niagara/Content/Functions/System/SystemChangeState.uexp" 779
"../../../Engine/Plugins/FX/Niagara/Content/Modules/System/SystemState.uasset" 780
"../../../Engine/Plugins/FX/Niagara/Content/Modules/System/SystemState.uexp" 781
"Q:/unreal/InTheDark/Content/Rain/Niagara_Rain.uasset" 782
"Q:/unreal/InTheDark/Content/Rain/Niagara_Rain.uexp" 783
"Q:/unreal/InTheDark/Content/VehicleVarietyPack/Blueprints/SportsCar/BP_SportsCar.uasset" 784
"Q:/unreal/InTheDark/Content/VehicleVarietyPack/Blueprints/SportsCar/BP_SportsCar.uexp" 785
"Q:/unreal/InTheDark/Content/Construction_VOL1/Textures/Tileable/TX_Micro_MASK.uasset" 786
"Q:/unreal/InTheDark/Content/Construction_VOL1/Textures/Tileable/TX_Micro_MASK.uexp" 787
"Q:/unreal/InTheDark/Content/Construction_VOL1/Textures/Tileable/TX_Micro_MASK.ubulk" 788
"Q:/unreal/InTheDark/Content/Construction_VOL1/Textures/Tileable/TX_Noise_NRM.uasset" 789
"Q:/unreal/InTheDark/Content/Construction_VOL1/Textures/Tileable/TX_Noise_NRM.uexp" 790
"Q:/unreal/InTheDark/Content/Construction_VOL1/Textures/Tileable/TX_Noise_NRM.ubulk" 791
"Q:/unreal/InTheDark/Content/Construction_VOL1/Textures/Tileable/TX_Dirt_01_ALB.uasset" 792
"Q:/unreal/InTheDark/Content/Construction_VOL1/Textures/Tileable/TX_Dirt_01_ALB.uexp" 793
"Q:/unreal/InTheDark/Content/Construction_VOL1/Textures/Tileable/TX_Dirt_01_ALB.ubulk" 794
"../../../Engine/Content/Functions/Engine_MaterialFunctions01/Texturing/FlattenNormal.uasset" 795
"../../../Engine/Content/Functions/Engine_MaterialFunctions01/Texturing/FlattenNormal.uexp" 796
"Q:/unreal/InTheDark/Content/Construction_VOL1/Materials/Functions/MF_MicroDetail_01a.uasset" 797
"Q:/unreal/InTheDark/Content/Construction_VOL1/Materials/Functions/MF_MicroDetail_01a.uexp" 798
"../../../Engine/Content/Functions/Engine_MaterialFunctions01/Gradient/LinearGradient.uasset" 799
"../../../Engine/Content/Functions/Engine_MaterialFunctions01/Gradient/LinearGradient.uexp" 800
"../../../Engine/Content/Functions/Engine_MaterialFunctions02/Utility/BlendAngleCorrectedNormals.uasset" 801
"../../../Engine/Content/Functions/Engine_MaterialFunctions02/Utility/BlendAngleCorrectedNormals.uexp" 802
"../../../Engine/Content/EngineMaterials/BlendFunc_DefBase.uasset" 803
"../../../Engine/Content/EngineMaterials/BlendFunc_DefBase.uexp" 804
"../../../Engine/Content/EngineMaterials/BlendFunc_DefBlend.uasset" 805
"../../../Engine/Content/EngineMaterials/BlendFunc_DefBlend.uexp" 806
"../../../Engine/Content/Functions/Engine_MaterialFunctions03/Blends/Blend_Overlay.uasset" 807
"../../../Engine/Content/Functions/Engine_MaterialFunctions03/Blends/Blend_Overlay.uexp" 808
"../../../Engine/Content/Functions/MaterialLayerFunctions/MatLayerBlend_BreakBaseColor.uasset" 809
"../../../Engine/Content/Functions/MaterialLayerFunctions/MatLayerBlend_BreakBaseColor.uexp" 810
"../../../Engine/Content/Functions/MaterialLayerFunctions/MatLayerBlend_Simple.uasset" 811
"../../../Engine/Content/Functions/MaterialLayerFunctions/MatLayerBlend_Simple.uexp" 812
"../../../Engine/Content/Functions/Engine_MaterialFunctions01/ImageAdjustment/CheapContrast.uasset" 813
"../../../Engine/Content/Functions/Engine_MaterialFunctions01/ImageAdjustment/CheapContrast.uexp" 814
"Q:/unreal/InTheDark/Content/Construction_VOL1/Materials/Functions/MI_VertexBlend_02a.uasset" 815
"Q:/unreal/InTheDark/Content/Construction_VOL1/Materials/Functions/MI_VertexBlend_02a.uexp" 816
"Q:/unreal/InTheDark/Content/Construction_VOL1/Textures/Utility/TX_Fill_01_ALB.uasset" 817
"Q:/unreal/InTheDark/Content/Construction_VOL1/Textures/Utility/TX_Fill_01_ALB.uexp" 818
"Q:/unreal/InTheDark/Content/Construction_VOL1/Textures/Utility/TX_Fill_01_ALB.ubulk" 819
"Q:/unreal/InTheDark/Content/Construction_VOL1/Textures/Utility/TX_Fill_01_NRM.uasset" 820
"Q:/unreal/InTheDark/Content/Construction_VOL1/Textures/Utility/TX_Fill_01_NRM.uexp" 821
"Q:/unreal/InTheDark/Content/Construction_VOL1/Textures/Utility/TX_Fill_01_NRM.ubulk" 822
"Q:/unreal/InTheDark/Content/Construction_VOL1/Textures/Utility/TX_Fill_01_RMA.uasset" 823
"Q:/unreal/InTheDark/Content/Construction_VOL1/Textures/Utility/TX_Fill_01_RMA.uexp" 824
"Q:/unreal/InTheDark/Content/Construction_VOL1/Textures/Utility/TX_Fill_01_RMA.ubulk" 825
"Q:/unreal/InTheDark/Content/Construction_VOL1/Materials/Masters/MM_MasterMaterial_01.uasset" 826
"Q:/unreal/InTheDark/Content/Construction_VOL1/Materials/Masters/MM_MasterMaterial_01.uexp" 827
"Q:/unreal/InTheDark/Content/Construction_VOL1/Textures/Unique/TX_Roadblock_ALB.uasset" 828
"Q:/unreal/InTheDark/Content/Construction_VOL1/Textures/Unique/TX_Roadblock_ALB.uexp" 829
"Q:/unreal/InTheDark/Content/Construction_VOL1/Textures/Unique/TX_Roadblock_ALB.ubulk" 830
"Q:/unreal/InTheDark/Content/Construction_VOL1/Textures/Unique/TX_Roadblock_NRM.uasset" 831
"Q:/unreal/InTheDark/Content/Construction_VOL1/Textures/Unique/TX_Roadblock_NRM.uexp" 832
"Q:/unreal/InTheDark/Content/Construction_VOL1/Textures/Unique/TX_Roadblock_NRM.ubulk" 833
"Q:/unreal/InTheDark/Content/Construction_VOL1/Textures/Unique/TX_Roadblock_RMA.uasset" 834
"Q:/unreal/InTheDark/Content/Construction_VOL1/Textures/Unique/TX_Roadblock_RMA.uexp" 835
"Q:/unreal/InTheDark/Content/Construction_VOL1/Textures/Unique/TX_Roadblock_RMA.ubulk" 836
"Q:/unreal/InTheDark/Content/Construction_VOL1/Materials/Instances/MI_Roadblock_01a.uasset" 837
"Q:/unreal/InTheDark/Content/Construction_VOL1/Materials/Instances/MI_Roadblock_01a.uexp" 838
"Q:/unreal/InTheDark/Content/Construction_VOL1/Meshes/SM_Roadblock_01a.uasset" 839
"Q:/unreal/InTheDark/Content/Construction_VOL1/Meshes/SM_Roadblock_01a.uexp" 840
"Q:/unreal/InTheDark/Content/BP_EndLevel.uasset" 841
"Q:/unreal/InTheDark/Content/BP_EndLevel.uexp" 842
"../../../Engine/Content/EngineSky/T_Sky_Blue.uasset" 843
"../../../Engine/Content/EngineSky/T_Sky_Blue.uexp" 844
"../../../Engine/Content/EngineSky/T_Sky_Blue.ubulk" 845
"../../../Engine/Content/EngineSky/T_Sky_Clouds_M.uasset" 846
"../../../Engine/Content/EngineSky/T_Sky_Clouds_M.uexp" 847
"../../../Engine/Content/EngineSky/T_Sky_Clouds_M.ubulk" 848
"../../../Engine/Content/EngineSky/T_Sky_Stars.uasset" 849
"../../../Engine/Content/EngineSky/T_Sky_Stars.uexp" 850
"../../../Engine/Content/EngineSky/T_Sky_Stars.ubulk" 851
"../../../Engine/Content/EngineSky/M_Sky_Panning_Clouds2.uasset" 852
"../../../Engine/Content/EngineSky/M_Sky_Panning_Clouds2.uexp" 853
"../../../Engine/Content/EngineSky/SM_SkySphere.uasset" 854
"../../../Engine/Content/EngineSky/SM_SkySphere.uexp" 855
"../../../Engine/Content/EngineSky/C_Sky_Zenith_Color.uasset" 856
"../../../Engine/Content/EngineSky/C_Sky_Zenith_Color.uexp" 857
"../../../Engine/Content/EngineSky/C_Sky_Horizon_Color.uasset" 858
"../../../Engine/Content/EngineSky/C_Sky_Horizon_Color.uexp" 859
"../../../Engine/Content/EngineSky/C_Sky_Cloud_Color.uasset" 860
"../../../Engine/Content/EngineSky/C_Sky_Cloud_Color.uexp" 861
"../../../Engine/Content/EngineSky/BP_Sky_Sphere.uasset" 862
"../../../Engine/Content/EngineSky/BP_Sky_Sphere.uexp" 863
"Q:/unreal/InTheDark/Content/Levels/Level1.uexp" 864
"Q:/unreal/InTheDark/Content/Levels/Level1.umap" 865
"Q:/unreal/InTheDark/Content/Levels/Level2.uexp" 866
"Q:/unreal/InTheDark/Content/Levels/Level2.umap" 867
"Q:/unreal/InTheDark/Content/Levels/Level3.uexp" 868
"Q:/unreal/InTheDark/Content/Levels/Level3.umap" 869
"Q:/unreal/InTheDark/Content/Levels/Level4.uexp" 870
"Q:/unreal/InTheDark/Content/Levels/Level4.umap" 871
"Q:/unreal/InTheDark/Content/VehicleBP/BP_MainMenuGameController.uasset" 872
"Q:/unreal/InTheDark/Content/VehicleBP/BP_MainMenuGameController.uexp" 873
"Q:/unreal/InTheDark/Content/HUD/Fonts/DinKursivschriftBreit-qD20.uasset" 874
"Q:/unreal/InTheDark/Content/HUD/Fonts/DinKursivschriftBreit-qD20.uexp" 875
"Q:/unreal/InTheDark/Content/HUD/Fonts/DinKursivschriftBreit-qD20.ufont" 876
"Q:/unreal/InTheDark/Content/HUD/Fonts/DinKursivschriftBreit-qD20_Font.uasset" 877
"Q:/unreal/InTheDark/Content/HUD/Fonts/DinKursivschriftBreit-qD20_Font.uexp" 878
"../../../Engine/Content/EngineSounds/Master.uasset" 879
"../../../Engine/Content/EngineSounds/Master.uexp" 880
"Q:/unreal/InTheDark/Content/Sounds/MasterSoundMix.uasset" 881
"Q:/unreal/InTheDark/Content/Sounds/MasterSoundMix.uexp" 882
"Q:/unreal/InTheDark/Content/HUD/W_MainMenu.uasset" 883
"Q:/unreal/InTheDark/Content/HUD/W_MainMenu.uexp" 884
"Q:/unreal/InTheDark/Content/VehicleBP/BP_MainMenuGameMode.uasset" 885
"Q:/unreal/InTheDark/Content/VehicleBP/BP_MainMenuGameMode.uexp" 886
"Q:/unreal/InTheDark/Content/Light/soft-arrow.uasset" 887
"Q:/unreal/InTheDark/Content/Light/soft-arrow.uexp" 888
"Q:/unreal/InTheDark/Content/VehicleVarietyPack/Blueprints/SportsCar/BP_SportsCaMenuVersion.uasset" 889
"Q:/unreal/InTheDark/Content/VehicleVarietyPack/Blueprints/SportsCar/BP_SportsCaMenuVersion.uexp" 890
"Q:/unreal/InTheDark/Content/Levels/MainMenuLevel_BuiltData.uasset" 891
"Q:/unreal/InTheDark/Content/Levels/MainMenuLevel_BuiltData.uexp" 892
"Q:/unreal/InTheDark/Content/Levels/MainMenuLevel_BuiltData.ubulk" 893
"../../../Engine/Content/BasicShapes/BasicShapeMaterial.uasset" 894
"../../../Engine/Content/BasicShapes/BasicShapeMaterial.uexp" 895
"../../../Engine/Content/BasicShapes/Plane.uasset" 896
"../../../Engine/Content/BasicShapes/Plane.uexp" 897
"Q:/unreal/InTheDark/Content/Sounds/music/eurobeat_menu.uasset" 898
"Q:/unreal/InTheDark/Content/Sounds/music/eurobeat_menu.uexp" 899
"Q:/unreal/InTheDark/Content/Sounds/music/eurobeat_menu_Cue.uasset" 900
"Q:/unreal/InTheDark/Content/Sounds/music/eurobeat_menu_Cue.uexp" 901
"Q:/unreal/InTheDark/Content/Levels/MainMenuLevel.uexp" 902
"Q:/unreal/InTheDark/Content/Levels/MainMenuLevel.umap" 903
"../../../Engine/Content/Maps/Entry_BuiltData.uasset" 904
"../../../Engine/Content/Maps/Entry_BuiltData.uexp" 905
"../../../Engine/Content/Maps/Entry.uexp" 906
"../../../Engine/Content/Maps/Entry.umap" 907
